mode: set
ttyweb/main.go:22.13,55.22 16 0
ttyweb/main.go:55.22,68.3 12 0
ttyweb/main.go:69.2,73.47 3 0
ttyweb/main.go:73.47,76.3 2 0
ttyweb/main.go:78.2,79.40 2 0
ttyweb/main.go:79.40,81.3 1 0
ttyweb/main.go:83.2,86.16 3 0
ttyweb/main.go:86.16,89.3 2 0
ttyweb/main.go:91.2,92.16 2 0
ttyweb/main.go:92.16,95.3 2 0
ttyweb/main.go:97.2,97.15 1 0
ttyweb/main.go:97.15,98.36 1 0
ttyweb/main.go:98.36,100.4 1 0
ttyweb/main.go:103.2,106.12 3 0
ttyweb/main.go:106.12,109.3 2 0
ttyweb/main.go:111.2,111.95 1 0
ttyweb/main.go:111.95,113.3 1 0
ttyweb/main.go:117.42,119.22 2 0
ttyweb/main.go:119.22,121.3 1 0
ttyweb/main.go:122.2,123.16 2 0
ttyweb/main.go:123.16,125.3 1 0
ttyweb/main.go:126.2,126.12 1 0
ttyweb/main.go:130.42,131.18 1 0
ttyweb/main.go:131.18,134.3 2 0
ttyweb/main.go:135.2,135.15 1 0
ttyweb/main.go:140.140,154.62 2 0
ttyweb/main.go:154.62,156.3 1 0
ttyweb/main.go:156.8,156.23 1 0
ttyweb/main.go:156.23,158.3 1 0
ttyweb/main.go:159.2,159.16 1 0
ttyweb/main.go:159.16,162.3 2 0
ttyweb/main.go:163.2,163.15 1 0
ttyweb/main.go:163.15,165.19 2 0
ttyweb/main.go:165.19,167.4 1 0
ttyweb/main.go:168.3,168.19 1 0
ttyweb/main.go:168.19,170.4 1 0
ttyweb/main.go:173.2,173.16 1 0
ttyweb/main.go:177.95,178.21 1 0
ttyweb/main.go:179.15,180.21 1 0
ttyweb/main.go:180.21,182.4 1 0
ttyweb/main.go:183.3,184.17 2 0
ttyweb/main.go:184.17,186.4 1 0
ttyweb/main.go:187.3,187.22 1 0
ttyweb/main.go:189.14,190.29 1 0
ttyweb/main.go:190.29,192.4 1 0
ttyweb/main.go:193.3,193.39 1 0
ttyweb/main.go:195.16,196.31 1 0
ttyweb/main.go:196.31,198.4 1 0
ttyweb/main.go:199.3,199.41 1 0
ttyweb/main.go:201.10,202.61 1 0
ttyweb/main.go:206.28,207.40 1 0
ttyweb/main.go:207.40,209.3 1 0
ttyweb/main.go:210.2,210.18 1 0
ttyweb/main.go:213.24,214.41 1 0
ttyweb/main.go:214.41,216.3 1 0
ttyweb/main.go:217.2,217.20 1 0
ttyweb/main.go:220.38,223.2 2 0
ttyweb/backend/types.go:37.44,37.60 1 1
ttyweb/backend/types.go:40.65,40.84 1 1
ttyweb/backend/types.go:43.74,43.104 1 1
ttyweb/backend/types.go:46.75,48.2 1 1
ttyweb/backend/types.go:51.51,51.77 1 1
ttyweb/backend/types.go:60.39,60.55 1 1
ttyweb/pkg/homedir/expand.go:8.33,9.41 1 1
ttyweb/pkg/homedir/expand.go:9.41,11.3 1 1
ttyweb/pkg/homedir/expand.go:12.2,12.13 1 1
ttyweb/internal/slogutil/slogutil.go:14.53,16.35 2 1
ttyweb/internal/slogutil/slogutil.go:17.15,18.26 1 1
ttyweb/internal/slogutil/slogutil.go:19.14,20.25 1 0
ttyweb/internal/slogutil/slogutil.go:21.14,22.25 1 1
ttyweb/internal/slogutil/slogutil.go:23.15,24.26 1 1
ttyweb/internal/slogutil/slogutil.go:25.10,26.25 1 1
ttyweb/internal/slogutil/slogutil.go:28.2,29.26 2 1
ttyweb/pkg/randomstring/generate.go:10.34,14.19 4 1
ttyweb/pkg/randomstring/generate.go:14.19,17.3 2 1
ttyweb/pkg/randomstring/generate.go:18.2,18.18 1 1
ttyweb/backend/localcommand/factory.go:25.84,27.31 2 1
ttyweb/backend/localcommand/factory.go:27.31,29.3 1 1
ttyweb/backend/localcommand/factory.go:31.2,36.8 1 1
ttyweb/backend/localcommand/factory.go:40.31,42.2 1 1
ttyweb/backend/localcommand/factory.go:45.109,48.28 3 1
ttyweb/backend/localcommand/factory.go:48.28,50.3 1 0
ttyweb/backend/localcommand/factory.go:52.2,52.61 1 1
ttyweb/backend/localcommand/local_command.go:40.112,50.35 3 1
ttyweb/backend/localcommand/local_command.go:50.35,53.3 2 1
ttyweb/backend/localcommand/local_command.go:55.2,56.16 2 1
ttyweb/backend/localcommand/local_command.go:56.16,59.3 1 1
ttyweb/backend/localcommand/local_command.go:60.2,74.33 3 1
ttyweb/backend/localcommand/local_command.go:74.33,76.3 1 1
ttyweb/backend/localcommand/local_command.go:80.2,80.12 1 1
ttyweb/backend/localcommand/local_command.go:80.12,81.16 1 1
ttyweb/backend/localcommand/local_command.go:81.16,86.4 4 1
ttyweb/backend/localcommand/local_command.go:88.3,88.22 1 1
ttyweb/backend/localcommand/local_command.go:91.2,91.18 1 1
ttyweb/backend/localcommand/local_command.go:94.61,98.16 4 1
ttyweb/backend/localcommand/local_command.go:98.16,100.3 1 0
ttyweb/backend/localcommand/local_command.go:101.2,101.15 1 1
ttyweb/backend/localcommand/local_command.go:104.62,108.16 4 1
ttyweb/backend/localcommand/local_command.go:108.16,110.3 1 0
ttyweb/backend/localcommand/local_command.go:111.2,111.15 1 1
ttyweb/backend/localcommand/local_command.go:115.41,116.48 1 1
ttyweb/backend/localcommand/local_command.go:116.48,118.3 1 1
ttyweb/backend/localcommand/local_command.go:119.2,119.6 1 1
ttyweb/backend/localcommand/local_command.go:119.6,120.10 1 1
ttyweb/backend/localcommand/local_command.go:121.25,122.14 1 1
ttyweb/backend/localcommand/local_command.go:123.31,124.48 1 1
ttyweb/backend/localcommand/local_command.go:130.65,136.2 1 1
ttyweb/backend/localcommand/local_command.go:139.71,149.16 5 1
ttyweb/backend/localcommand/local_command.go:149.16,151.3 1 0
ttyweb/backend/localcommand/local_command.go:152.2,152.12 1 1
ttyweb/backend/localcommand/local_command.go:155.60,156.28 1 1
ttyweb/backend/localcommand/local_command.go:156.28,158.3 1 1
ttyweb/backend/localcommand/local_command.go:160.2,160.29 1 1
ttyweb/backend/localcommand/options.go:12.52,13.34 1 1
ttyweb/backend/localcommand/options.go:13.34,15.3 1 1
ttyweb/backend/localcommand/options.go:19.53,20.34 1 1
ttyweb/backend/localcommand/options.go:20.34,22.3 1 1
ttyweb/docs/swagger/docs.go:221.13,223.2 1 0
ttyweb/config/config.go:68.44,68.64 1 1
ttyweb/config/config.go:69.44,69.64 1 1
ttyweb/config/config.go:70.42,70.61 1 1
ttyweb/config/config.go:71.45,71.67 1 1
ttyweb/config/config.go:72.46,72.69 1 1
ttyweb/config/config.go:73.49,73.75 1 1
ttyweb/config/config.go:74.44,74.65 1 1
ttyweb/config/config.go:75.44,75.65 1 1
ttyweb/config/config.go:79.38,82.2 2 1
ttyweb/config/config.go:87.41,91.16 3 1
ttyweb/config/config.go:91.16,92.25 1 1
ttyweb/config/config.go:92.25,94.4 1 1
ttyweb/config/config.go:95.3,95.66 1 1
ttyweb/config/config.go:98.2,99.51 2 1
ttyweb/config/config.go:99.51,101.3 1 1
ttyweb/config/config.go:103.2,103.37 1 1
ttyweb/config/config.go:108.30,109.23 1 1
ttyweb/config/config.go:109.23,111.17 2 1
ttyweb/config/config.go:111.17,113.4 1 1
ttyweb/config/config.go:114.3,114.21 1 1
ttyweb/config/config.go:116.2,116.33 1 1
ttyweb/config/config.go:120.20,121.25 1 1
ttyweb/config/config.go:121.25,123.3 1 1
ttyweb/config/config.go:124.2,124.33 1 1
ttyweb/config/config.go:129.45,131.39 2 1
ttyweb/config/config.go:131.39,132.44 1 1
ttyweb/config/config.go:132.44,134.4 1 1
ttyweb/config/config.go:136.2,136.11 1 1
ttyweb/config/defaults.go:10.33,12.16 2 1
ttyweb/config/defaults.go:12.16,14.16 2 1
ttyweb/config/defaults.go:14.16,16.4 1 0
ttyweb/config/defaults.go:17.3,17.40 1 1
ttyweb/config/defaults.go:19.2,19.53 1 1
ttyweb/config/defaults.go:23.30,34.2 1 1
ttyweb/config/watch.go:15.32,20.16 4 1
ttyweb/config/watch.go:20.16,22.3 1 1
ttyweb/config/watch.go:23.2,24.12 2 1
ttyweb/config/watch.go:30.57,32.16 2 1
ttyweb/config/watch.go:32.16,34.3 1 0
ttyweb/config/watch.go:36.2,37.16 2 1
ttyweb/config/watch.go:37.16,39.3 1 0
ttyweb/config/watch.go:41.2,41.45 1 1
ttyweb/config/watch.go:41.45,43.22 2 1
ttyweb/config/watch.go:43.22,45.4 1 0
ttyweb/config/watch.go:46.3,46.60 1 1
ttyweb/config/watch.go:49.2,52.12 3 1
ttyweb/config/watch.go:52.12,54.16 2 1
ttyweb/config/watch.go:54.16,58.4 1 1
ttyweb/config/watch.go:59.3,59.45 1 1
ttyweb/config/watch.go:62.2,62.17 1 1
ttyweb/config/watch.go:62.17,64.3 1 1
ttyweb/config/watch.go:66.2,66.22 1 1
ttyweb/config/watch.go:71.105,72.6 1 1
ttyweb/config/watch.go:72.6,73.10 1 1
ttyweb/config/watch.go:74.38,75.11 1 1
ttyweb/config/watch.go:75.11,77.5 1 0
ttyweb/config/watch.go:78.4,78.63 1 1
ttyweb/config/watch.go:78.63,79.43 1 1
ttyweb/config/watch.go:79.43,80.13 1 1
ttyweb/config/watch.go:81.23,81.23 0 1
ttyweb/config/watch.go:82.14,82.14 0 0
ttyweb/config/watch.go:86.34,87.11 1 0
ttyweb/config/watch.go:87.11,89.5 1 0
ttyweb/config/watch.go:90.15,91.10 1 1
ttyweb/pkg/validate/url.go:25.13,27.36 2 1
ttyweb/pkg/validate/url.go:27.36,29.17 2 1
ttyweb/pkg/validate/url.go:29.17,30.82 1 0
ttyweb/pkg/validate/url.go:32.3,32.53 1 1
ttyweb/pkg/validate/url.go:52.34,54.16 2 1
ttyweb/pkg/validate/url.go:54.16,56.3 1 1
ttyweb/pkg/validate/url.go:58.2,59.16 2 1
ttyweb/pkg/validate/url.go:59.16,61.3 1 1
ttyweb/pkg/validate/url.go:64.2,66.18 2 1
ttyweb/pkg/validate/url.go:66.18,69.17 2 1
ttyweb/pkg/validate/url.go:69.17,71.4 1 0
ttyweb/pkg/validate/url.go:73.3,73.20 1 1
ttyweb/pkg/validate/url.go:73.20,75.4 1 0
ttyweb/pkg/validate/url.go:77.3,77.30 1 1
ttyweb/pkg/validate/url.go:77.30,79.23 2 1
ttyweb/pkg/validate/url.go:79.23,81.5 1 1
ttyweb/pkg/validate/url.go:86.2,87.39 2 1
ttyweb/pkg/validate/url.go:87.39,89.3 1 1
ttyweb/pkg/validate/url.go:91.2,91.12 1 1
ttyweb/pkg/validate/url.go:96.34,97.42 1 1
ttyweb/pkg/validate/url.go:97.42,98.27 1 1
ttyweb/pkg/validate/url.go:98.27,100.4 1 1
ttyweb/pkg/validate/url.go:102.2,102.14 1 1
ttyweb/pkg/validate/validate.go:23.37,24.16 1 1
ttyweb/pkg/validate/validate.go:24.16,26.3 1 1
ttyweb/pkg/validate/validate.go:27.2,27.38 1 1
ttyweb/pkg/validate/validate.go:27.38,32.3 1 1
ttyweb/pkg/validate/validate.go:33.2,33.12 1 1
ttyweb/pkg/validate/validate.go:38.30,39.14 1 1
ttyweb/pkg/validate/validate.go:39.14,41.3 1 1
ttyweb/pkg/validate/validate.go:42.2,42.31 1 1
ttyweb/pkg/validate/validate.go:42.31,44.3 1 1
ttyweb/pkg/validate/validate.go:45.2,45.12 1 1
ttyweb/pkg/validate/validate.go:50.27,51.11 1 1
ttyweb/pkg/validate/validate.go:51.11,53.3 1 1
ttyweb/pkg/validate/validate.go:54.2,54.24 1 1
ttyweb/pkg/validate/validate.go:54.24,56.3 1 1
ttyweb/pkg/validate/validate.go:57.2,57.18 1 1
ttyweb/db/db.go:24.29,28.34 3 1
ttyweb/db/db.go:28.34,30.3 1 1
ttyweb/db/db.go:32.2,32.21 1 1
ttyweb/db/db.go:32.21,34.3 1 1
ttyweb/db/db.go:36.2,37.48 2 1
ttyweb/db/db.go:37.48,40.3 2 1
ttyweb/db/db.go:42.2,45.16 2 1
ttyweb/db/db.go:45.16,48.3 2 1
ttyweb/db/db.go:50.2,51.16 2 1
ttyweb/db/db.go:51.16,54.3 2 0
ttyweb/db/db.go:57.2,57.65 1 1
ttyweb/db/db.go:57.65,60.3 2 0
ttyweb/db/db.go:63.2,64.21 2 1
ttyweb/db/db.go:64.21,65.51 1 1
ttyweb/db/db.go:65.51,68.4 2 1
ttyweb/db/db.go:71.2,73.12 3 1
ttyweb/db/db.go:78.32,82.21 3 1
ttyweb/db/db.go:82.21,84.3 1 1
ttyweb/db/db.go:86.2,86.22 1 1
ttyweb/db/db.go:90.25,95.2 3 1
ttyweb/db/db.go:99.20,103.21 3 1
ttyweb/db/db.go:103.21,105.3 1 1
ttyweb/db/db.go:107.2,108.16 2 1
ttyweb/db/db.go:108.16,110.3 1 0
ttyweb/db/db.go:112.2,112.40 1 1
ttyweb/db/db.go:112.40,115.3 1 0
ttyweb/db/db.go:118.2,120.12 3 1
ttyweb/db/db.go:124.33,129.2 4 0
ttyweb/db/migrate.go:17.31,22.2 3 1
ttyweb/db/migrate.go:25.34,31.2 5 1
ttyweb/db/migrate.go:35.26,39.16 3 1
ttyweb/db/migrate.go:39.16,41.3 1 1
ttyweb/db/migrate.go:43.2,43.22 1 1
ttyweb/db/migrate.go:43.22,45.3 1 1
ttyweb/db/migrate.go:47.2,47.50 1 1
ttyweb/db/migrate.go:47.50,49.3 1 0
ttyweb/db/migrate.go:50.2,50.12 1 1
ttyweb/db/models.go:5.13,10.2 4 1
ttyweb/db/options.go:17.31,19.16 2 1
ttyweb/db/options.go:19.16,21.3 1 1
ttyweb/db/options.go:23.2,27.3 2 1
ttyweb/db/task_ai_session.go:11.13,13.2 1 1
ttyweb/backend/tmux/factory.go:17.49,21.2 1 1
ttyweb/backend/tmux/factory.go:24.31,24.48 1 1
ttyweb/backend/tmux/factory.go:27.103,29.40 2 1
ttyweb/backend/tmux/factory.go:29.40,31.3 1 1
ttyweb/backend/tmux/factory.go:32.2,32.19 1 1
ttyweb/backend/tmux/factory.go:32.19,34.3 1 1
ttyweb/backend/tmux/factory.go:36.2,37.37 2 1
ttyweb/backend/tmux/factory.go:37.37,39.3 1 1
ttyweb/backend/tmux/factory.go:41.2,41.36 1 1
ttyweb/backend/tmux/factory.go:45.36,47.2 1 1
ttyweb/backend/tmux/factory.go:50.57,52.16 2 1
ttyweb/backend/tmux/factory.go:52.16,54.3 1 0
ttyweb/backend/tmux/factory.go:55.2,56.16 2 1
ttyweb/backend/tmux/factory.go:56.16,58.3 1 0
ttyweb/backend/tmux/factory.go:59.2,59.18 1 1
ttyweb/backend/tmux/factory.go:63.79,65.2 1 1
ttyweb/backend/tmux/factory.go:68.72,70.16 2 1
ttyweb/backend/tmux/factory.go:70.16,72.3 1 1
ttyweb/backend/tmux/factory.go:73.2,74.16 2 1
ttyweb/backend/tmux/factory.go:74.16,76.3 1 0
ttyweb/backend/tmux/factory.go:77.2,77.18 1 1
ttyweb/backend/tmux/factory.go:81.48,83.2 1 1
ttyweb/backend/tmux/sessions.go:17.40,19.16 2 1
ttyweb/backend/tmux/sessions.go:19.16,21.3 1 0
ttyweb/backend/tmux/sessions.go:22.2,22.15 1 1
ttyweb/backend/tmux/sessions.go:22.15,24.3 1 0
ttyweb/backend/tmux/sessions.go:26.2,28.29 3 1
ttyweb/backend/tmux/sessions.go:28.29,30.17 2 1
ttyweb/backend/tmux/sessions.go:30.17,31.12 1 1
ttyweb/backend/tmux/sessions.go:33.3,34.21 2 1
ttyweb/backend/tmux/sessions.go:34.21,35.12 1 0
ttyweb/backend/tmux/sessions.go:37.3,43.33 2 1
ttyweb/backend/tmux/sessions.go:45.2,45.22 1 1
ttyweb/backend/tmux/sessions.go:49.48,50.54 1 1
ttyweb/backend/tmux/sessions.go:50.54,52.3 1 1
ttyweb/backend/tmux/sessions.go:53.2,55.16 2 1
ttyweb/backend/tmux/sessions.go:55.16,57.3 1 1
ttyweb/backend/tmux/sessions.go:58.2,58.15 1 1
ttyweb/backend/tmux/sessions.go:58.15,60.3 1 0
ttyweb/backend/tmux/sessions.go:62.2,64.29 3 1
ttyweb/backend/tmux/sessions.go:64.29,66.17 2 1
ttyweb/backend/tmux/sessions.go:66.17,67.12 1 1
ttyweb/backend/tmux/sessions.go:69.3,70.21 2 1
ttyweb/backend/tmux/sessions.go:70.21,71.12 1 0
ttyweb/backend/tmux/sessions.go:73.3,83.27 2 1
ttyweb/backend/tmux/sessions.go:85.2,85.19 1 1
ttyweb/backend/tmux/sessions.go:89.63,90.54 1 1
ttyweb/backend/tmux/sessions.go:90.54,92.3 1 1
ttyweb/backend/tmux/sessions.go:93.2,94.16 2 1
ttyweb/backend/tmux/sessions.go:94.16,96.3 1 1
ttyweb/backend/tmux/sessions.go:99.2,100.16 2 1
ttyweb/backend/tmux/sessions.go:100.16,102.3 1 0
ttyweb/backend/tmux/sessions.go:104.2,105.29 2 1
ttyweb/backend/tmux/sessions.go:105.29,106.24 1 1
ttyweb/backend/tmux/sessions.go:106.24,108.9 2 1
ttyweb/backend/tmux/sessions.go:111.2,111.21 1 1
ttyweb/backend/tmux/sessions.go:111.21,113.3 1 0
ttyweb/backend/tmux/sessions.go:115.2,115.57 1 1
ttyweb/backend/tmux/sessions.go:121.68,122.16 1 1
ttyweb/backend/tmux/sessions.go:122.16,123.52 1 1
ttyweb/backend/tmux/sessions.go:123.52,125.4 1 1
ttyweb/backend/tmux/sessions.go:127.2,128.16 2 1
ttyweb/backend/tmux/sessions.go:128.16,130.3 1 1
ttyweb/backend/tmux/sessions.go:131.2,131.22 1 1
ttyweb/backend/tmux/sessions.go:131.22,133.3 1 1
ttyweb/backend/tmux/sessions.go:133.8,135.30 2 1
ttyweb/backend/tmux/sessions.go:135.30,137.4 1 0
ttyweb/backend/tmux/sessions.go:139.2,140.16 2 1
ttyweb/backend/tmux/sessions.go:140.16,142.3 1 0
ttyweb/backend/tmux/sessions.go:143.2,143.16 1 1
ttyweb/backend/tmux/sessions.go:143.16,146.39 2 1
ttyweb/backend/tmux/sessions.go:146.39,148.4 1 0
ttyweb/backend/tmux/sessions.go:149.3,149.45 1 1
ttyweb/backend/tmux/sessions.go:151.2,151.18 1 1
ttyweb/backend/tmux/sessions.go:155.37,156.51 1 1
ttyweb/backend/tmux/sessions.go:156.51,158.3 1 1
ttyweb/backend/tmux/sessions.go:159.2,160.16 2 1
ttyweb/backend/tmux/sessions.go:160.16,162.3 1 1
ttyweb/backend/tmux/sessions.go:163.2,163.12 1 1
ttyweb/backend/tmux/sessions.go:167.50,172.16 5 1
ttyweb/backend/tmux/sessions.go:172.16,174.3 1 1
ttyweb/backend/tmux/sessions.go:175.2,175.12 1 1
ttyweb/backend/tmux/sessions.go:179.58,181.15 2 1
ttyweb/backend/tmux/sessions.go:181.15,183.3 1 1
ttyweb/backend/tmux/sessions.go:184.2,185.16 2 1
ttyweb/backend/tmux/sessions.go:185.16,187.3 1 1
ttyweb/backend/tmux/sessions.go:188.2,188.17 1 1
ttyweb/backend/tmux/sessions.go:192.55,193.46 1 1
ttyweb/backend/tmux/sessions.go:193.46,195.3 1 1
ttyweb/backend/tmux/sessions.go:196.2,198.16 2 1
ttyweb/backend/tmux/sessions.go:198.16,200.3 1 0
ttyweb/backend/tmux/sessions.go:201.2,201.12 1 1
ttyweb/backend/tmux/sessions.go:205.61,207.16 2 1
ttyweb/backend/tmux/sessions.go:207.16,209.3 1 1
ttyweb/backend/tmux/sessions.go:210.2,211.16 2 1
ttyweb/backend/tmux/sessions.go:211.16,213.3 1 1
ttyweb/backend/tmux/sessions.go:214.2,214.29 1 1
ttyweb/backend/tmux/sessions.go:218.50,221.16 2 1
ttyweb/backend/tmux/sessions.go:221.16,223.3 1 0
ttyweb/backend/tmux/sessions.go:224.2,224.36 1 1
ttyweb/backend/tmux/sessions.go:228.34,230.16 2 1
ttyweb/backend/tmux/sessions.go:230.16,232.3 1 1
ttyweb/backend/tmux/sessions.go:233.2,233.12 1 1
ttyweb/backend/tmux/sessions.go:237.37,239.16 2 1
ttyweb/backend/tmux/sessions.go:239.16,241.3 1 0
ttyweb/backend/tmux/sessions.go:242.2,243.16 2 1
ttyweb/backend/tmux/sessions.go:243.16,245.3 1 0
ttyweb/backend/tmux/sessions.go:246.2,246.18 1 1
ttyweb/backend/tmux/sessions.go:250.53,252.16 2 1
ttyweb/backend/tmux/sessions.go:252.16,254.3 1 1
ttyweb/backend/tmux/sessions.go:255.2,256.16 2 1
ttyweb/backend/tmux/sessions.go:256.16,258.3 1 0
ttyweb/backend/tmux/sessions.go:259.2,259.18 1 1
ttyweb/backend/tmux/sessions.go:263.49,268.34 5 1
ttyweb/backend/tmux/sessions.go:268.34,270.3 1 1
ttyweb/backend/tmux/sessions.go:271.2,271.26 1 1
ttyweb/backend/tmux/sessions.go:275.47,282.2 6 1
ttyweb/backend/tmux/sessions.go:285.29,288.2 2 1
ttyweb/backend/tmux/sessions.go:290.25,293.2 2 1
ttyweb/backend/tmux/tmux.go:37.49,38.24 1 1
ttyweb/backend/tmux/tmux.go:38.24,40.3 1 1
ttyweb/backend/tmux/tmux.go:44.47,45.24 1 1
ttyweb/backend/tmux/tmux.go:45.24,47.3 1 1
ttyweb/backend/tmux/tmux.go:53.83,55.9 2 1
ttyweb/backend/tmux/tmux.go:56.21,58.59 1 1
ttyweb/backend/tmux/tmux.go:59.18,61.52 1 1
ttyweb/backend/tmux/tmux.go:62.10,64.55 1 1
ttyweb/backend/tmux/tmux.go:67.2,71.16 4 1
ttyweb/backend/tmux/tmux.go:71.16,73.3 1 0
ttyweb/backend/tmux/tmux.go:74.2,86.30 3 1
ttyweb/backend/tmux/tmux.go:86.30,88.3 1 1
ttyweb/backend/tmux/tmux.go:90.2,90.12 1 1
ttyweb/backend/tmux/tmux.go:90.12,91.16 1 1
ttyweb/backend/tmux/tmux.go:91.16,96.4 4 1
ttyweb/backend/tmux/tmux.go:97.3,97.23 1 1
ttyweb/backend/tmux/tmux.go:100.2,100.19 1 1
ttyweb/backend/tmux/tmux.go:103.51,107.16 4 1
ttyweb/backend/tmux/tmux.go:107.16,109.3 1 0
ttyweb/backend/tmux/tmux.go:110.2,110.15 1 1
ttyweb/backend/tmux/tmux.go:113.52,117.16 4 1
ttyweb/backend/tmux/tmux.go:117.16,119.3 1 0
ttyweb/backend/tmux/tmux.go:120.2,120.15 1 1
ttyweb/backend/tmux/tmux.go:124.55,128.21 2 1
ttyweb/backend/tmux/tmux.go:128.21,130.3 1 1
ttyweb/backend/tmux/tmux.go:131.2,131.18 1 1
ttyweb/backend/tmux/tmux.go:131.18,133.3 1 1
ttyweb/backend/tmux/tmux.go:134.2,135.13 2 1
ttyweb/backend/tmux/tmux.go:139.61,148.48 4 1
ttyweb/backend/tmux/tmux.go:148.48,150.3 1 0
ttyweb/backend/tmux/tmux.go:152.2,152.18 1 1
ttyweb/backend/tmux/tmux.go:152.18,155.3 1 1
ttyweb/backend/tmux/tmux.go:156.2,156.12 1 1
ttyweb/backend/tmux/tmux.go:160.31,161.42 1 1
ttyweb/backend/tmux/tmux.go:161.42,163.3 1 1
ttyweb/backend/tmux/tmux.go:164.2,164.6 1 1
ttyweb/backend/tmux/tmux.go:164.6,165.10 1 1
ttyweb/backend/tmux/tmux.go:166.22,167.14 1 1
ttyweb/backend/tmux/tmux.go:168.28,169.45 1 1
ttyweb/backend/tmux/tmux.go:174.50,175.25 1 1
ttyweb/backend/tmux/tmux.go:175.25,177.3 1 1
ttyweb/backend/tmux/tmux.go:178.2,178.29 1 1
ttyweb/webtty/codecs.go:17.55,19.2 1 1
ttyweb/webtty/codecs.go:22.55,24.2 1 1
ttyweb/webtty/option.go:15.31,16.32 1 1
ttyweb/webtty/option.go:16.32,19.3 2 1
ttyweb/webtty/option.go:23.43,24.32 1 1
ttyweb/webtty/option.go:24.32,27.3 2 1
ttyweb/webtty/option.go:31.37,32.32 1 1
ttyweb/webtty/option.go:32.32,35.3 2 1
ttyweb/webtty/option.go:39.49,40.32 1 1
ttyweb/webtty/option.go:40.32,43.3 2 1
ttyweb/webtty/option.go:47.46,48.32 1 1
ttyweb/webtty/option.go:48.32,51.3 2 1
ttyweb/webtty/option.go:55.52,56.32 1 1
ttyweb/webtty/option.go:56.32,58.17 2 1
ttyweb/webtty/option.go:58.17,60.4 1 1
ttyweb/webtty/option.go:61.3,62.13 2 1
ttyweb/webtty/option.go:67.69,68.32 1 1
ttyweb/webtty/option.go:68.32,71.3 2 1
ttyweb/webtty/webtty.go:41.78,54.33 2 1
ttyweb/webtty/webtty.go:54.33,55.36 1 1
ttyweb/webtty/webtty.go:55.36,57.4 1 1
ttyweb/webtty/webtty.go:60.2,60.16 1 1
ttyweb/webtty/webtty.go:69.50,71.16 2 1
ttyweb/webtty/webtty.go:71.16,73.3 1 1
ttyweb/webtty/webtty.go:75.2,77.12 2 1
ttyweb/webtty/webtty.go:77.12,78.24 1 1
ttyweb/webtty/webtty.go:78.24,80.8 2 1
ttyweb/webtty/webtty.go:80.8,87.19 4 1
ttyweb/webtty/webtty.go:87.19,89.6 1 1
ttyweb/webtty/webtty.go:91.5,92.19 2 1
ttyweb/webtty/webtty.go:92.19,94.6 1 0
ttyweb/webtty/webtty.go:99.2,99.12 1 1
ttyweb/webtty/webtty.go:99.12,100.24 1 1
ttyweb/webtty/webtty.go:100.24,102.8 2 1
ttyweb/webtty/webtty.go:102.8,104.19 2 1
ttyweb/webtty/webtty.go:104.19,106.6 1 1
ttyweb/webtty/webtty.go:108.5,109.19 2 1
ttyweb/webtty/webtty.go:109.19,111.6 1 1
ttyweb/webtty/webtty.go:116.2,116.9 1 1
ttyweb/webtty/webtty.go:117.20,118.18 1 1
ttyweb/webtty/webtty.go:119.20,119.20 0 1
ttyweb/webtty/webtty.go:122.2,122.12 1 1
ttyweb/webtty/webtty.go:125.49,127.16 2 1
ttyweb/webtty/webtty.go:127.16,129.3 1 1
ttyweb/webtty/webtty.go:131.2,133.16 3 1
ttyweb/webtty/webtty.go:133.16,135.3 1 1
ttyweb/webtty/webtty.go:137.2,137.22 1 1
ttyweb/webtty/webtty.go:137.22,140.17 3 1
ttyweb/webtty/webtty.go:140.17,142.4 1 1
ttyweb/webtty/webtty.go:145.2,145.27 1 1
ttyweb/webtty/webtty.go:145.27,147.17 2 1
ttyweb/webtty/webtty.go:147.17,149.4 1 1
ttyweb/webtty/webtty.go:152.2,152.12 1 1
ttyweb/webtty/webtty.go:155.59,158.16 3 1
ttyweb/webtty/webtty.go:158.16,160.3 1 1
ttyweb/webtty/webtty.go:162.2,162.27 1 1
ttyweb/webtty/webtty.go:162.27,163.52 1 1
ttyweb/webtty/webtty.go:163.52,167.4 3 1
ttyweb/webtty/webtty.go:170.2,170.12 1 1
ttyweb/webtty/webtty.go:173.50,178.16 4 1
ttyweb/webtty/webtty.go:178.16,180.3 1 1
ttyweb/webtty/webtty.go:182.2,182.12 1 1
ttyweb/webtty/webtty.go:185.60,186.20 1 1
ttyweb/webtty/webtty.go:186.20,188.3 1 1
ttyweb/webtty/webtty.go:190.2,190.17 1 1
ttyweb/webtty/webtty.go:191.13,192.30 1 1
ttyweb/webtty/webtty.go:193.12,194.25 1 1
ttyweb/webtty/webtty.go:195.19,197.13 2 1
ttyweb/webtty/webtty.go:198.22,199.39 1 1
ttyweb/webtty/webtty.go:200.10,201.61 1 1
ttyweb/webtty/webtty.go:206.50,207.39 1 1
ttyweb/webtty/webtty.go:207.39,209.3 1 1
ttyweb/webtty/webtty.go:211.2,213.16 3 1
ttyweb/webtty/webtty.go:213.16,215.3 1 1
ttyweb/webtty/webtty.go:217.2,217.61 1 1
ttyweb/webtty/webtty.go:217.61,219.3 1 1
ttyweb/webtty/webtty.go:220.2,220.12 1 1
ttyweb/webtty/webtty.go:224.38,225.53 1 1
ttyweb/webtty/webtty.go:225.53,227.3 1 1
ttyweb/webtty/webtty.go:228.2,228.12 1 1
ttyweb/webtty/webtty.go:232.50,233.26 1 1
ttyweb/webtty/webtty.go:234.16,235.34 1 1
ttyweb/webtty/webtty.go:236.14,237.27 1 1
ttyweb/webtty/webtty.go:242.59,243.37 1 1
ttyweb/webtty/webtty.go:243.37,245.3 1 1
ttyweb/webtty/webtty.go:247.2,247.20 1 1
ttyweb/webtty/webtty.go:247.20,249.3 1 1
ttyweb/webtty/webtty.go:251.2,252.56 2 1
ttyweb/webtty/webtty.go:252.56,254.3 1 1
ttyweb/webtty/webtty.go:256.2,257.15 2 1
ttyweb/webtty/webtty.go:257.15,259.3 1 1
ttyweb/webtty/webtty.go:260.2,261.18 2 1
ttyweb/webtty/webtty.go:261.18,263.3 1 1
ttyweb/webtty/webtty.go:265.2,265.63 1 1
ttyweb/webtty/webtty.go:265.63,267.3 1 1
ttyweb/webtty/webtty.go:268.2,268.12 1 1
ttyweb/backend/zellij/factory.go:17.49,21.2 1 1
ttyweb/backend/zellij/factory.go:24.31,24.50 1 1
ttyweb/backend/zellij/factory.go:27.103,29.40 2 1
ttyweb/backend/zellij/factory.go:29.40,31.3 1 1
ttyweb/backend/zellij/factory.go:32.2,32.19 1 1
ttyweb/backend/zellij/factory.go:32.19,34.3 1 1
ttyweb/backend/zellij/factory.go:36.2,36.32 1 1
ttyweb/backend/zellij/factory.go:40.36,42.2 1 1
ttyweb/backend/zellij/factory.go:45.57,47.16 2 1
ttyweb/backend/zellij/factory.go:47.16,49.3 1 0
ttyweb/backend/zellij/factory.go:50.2,51.16 2 1
ttyweb/backend/zellij/factory.go:51.16,53.3 1 0
ttyweb/backend/zellij/factory.go:54.2,54.18 1 1
ttyweb/backend/zellij/factory.go:58.79,60.2 1 1
ttyweb/backend/zellij/factory.go:63.72,65.16 2 1
ttyweb/backend/zellij/factory.go:65.16,67.3 1 0
ttyweb/backend/zellij/factory.go:69.2,70.26 2 1
ttyweb/backend/zellij/factory.go:70.26,71.31 1 1
ttyweb/backend/zellij/factory.go:71.31,73.9 2 1
ttyweb/backend/zellij/factory.go:76.2,76.18 1 1
ttyweb/backend/zellij/factory.go:76.18,78.3 1 1
ttyweb/backend/zellij/factory.go:80.2,85.16 3 1
ttyweb/backend/zellij/factory.go:85.16,87.3 1 0
ttyweb/backend/zellij/factory.go:88.2,88.18 1 1
ttyweb/backend/zellij/factory.go:92.48,94.2 1 1
ttyweb/backend/zellij/sessions.go:15.40,17.16 2 1
ttyweb/backend/zellij/sessions.go:17.16,18.91 1 0
ttyweb/backend/zellij/sessions.go:18.91,20.4 1 0
ttyweb/backend/zellij/sessions.go:21.3,21.51 1 0
ttyweb/backend/zellij/sessions.go:23.2,23.15 1 1
ttyweb/backend/zellij/sessions.go:23.15,25.3 1 0
ttyweb/backend/zellij/sessions.go:28.2,29.48 2 1
ttyweb/backend/zellij/sessions.go:29.48,31.17 2 1
ttyweb/backend/zellij/sessions.go:31.17,32.12 1 1
ttyweb/backend/zellij/sessions.go:34.3,37.5 1 1
ttyweb/backend/zellij/sessions.go:39.2,39.22 1 1
ttyweb/backend/zellij/sessions.go:45.68,46.16 1 1
ttyweb/backend/zellij/sessions.go:46.16,47.52 1 1
ttyweb/backend/zellij/sessions.go:47.52,49.4 1 1
ttyweb/backend/zellij/sessions.go:51.2,52.16 2 1
ttyweb/backend/zellij/sessions.go:52.16,54.3 1 1
ttyweb/backend/zellij/sessions.go:55.2,55.22 1 1
ttyweb/backend/zellij/sessions.go:55.22,58.3 2 1
ttyweb/backend/zellij/sessions.go:59.2,60.16 2 1
ttyweb/backend/zellij/sessions.go:60.16,62.3 1 1
ttyweb/backend/zellij/sessions.go:63.2,63.16 1 0
ttyweb/backend/zellij/sessions.go:63.16,65.39 2 0
ttyweb/backend/zellij/sessions.go:65.39,67.4 1 0
ttyweb/backend/zellij/sessions.go:68.3,68.45 1 0
ttyweb/backend/zellij/sessions.go:70.2,70.18 1 0
ttyweb/backend/zellij/sessions.go:74.37,75.51 1 1
ttyweb/backend/zellij/sessions.go:75.51,77.3 1 1
ttyweb/backend/zellij/sessions.go:78.2,79.16 2 1
ttyweb/backend/zellij/sessions.go:79.16,81.3 1 1
ttyweb/backend/zellij/sessions.go:82.2,82.12 1 0
ttyweb/backend/zellij/sessions.go:86.29,89.2 2 1
ttyweb/backend/zellij/sessions.go:92.37,94.16 2 1
ttyweb/backend/zellij/sessions.go:94.16,96.3 1 0
ttyweb/backend/zellij/sessions.go:97.2,98.16 2 1
ttyweb/backend/zellij/sessions.go:98.16,100.3 1 0
ttyweb/backend/zellij/sessions.go:101.2,101.18 1 1
ttyweb/backend/zellij/sessions.go:105.51,110.34 5 1
ttyweb/backend/zellij/sessions.go:110.34,112.3 1 1
ttyweb/backend/zellij/sessions.go:113.2,113.26 1 1
ttyweb/backend/zellij/sessions.go:117.49,124.2 6 1
ttyweb/backend/zellij/zellij.go:33.49,34.24 1 1
ttyweb/backend/zellij/zellij.go:34.24,36.3 1 1
ttyweb/backend/zellij/zellij.go:40.47,41.24 1 1
ttyweb/backend/zellij/zellij.go:41.24,43.3 1 1
ttyweb/backend/zellij/zellij.go:48.72,50.19 2 1
ttyweb/backend/zellij/zellij.go:50.19,52.3 1 1
ttyweb/backend/zellij/zellij.go:52.8,54.3 1 1
ttyweb/backend/zellij/zellij.go:56.2,60.16 4 1
ttyweb/backend/zellij/zellij.go:60.16,62.3 1 0
ttyweb/backend/zellij/zellij.go:63.2,74.30 3 1
ttyweb/backend/zellij/zellij.go:74.30,76.3 1 1
ttyweb/backend/zellij/zellij.go:78.2,78.12 1 1
ttyweb/backend/zellij/zellij.go:78.12,79.16 1 1
ttyweb/backend/zellij/zellij.go:79.16,84.4 4 1
ttyweb/backend/zellij/zellij.go:85.3,85.23 1 1
ttyweb/backend/zellij/zellij.go:88.2,88.19 1 1
ttyweb/backend/zellij/zellij.go:91.51,95.16 4 1
ttyweb/backend/zellij/zellij.go:95.16,97.3 1 0
ttyweb/backend/zellij/zellij.go:98.2,98.15 1 1
ttyweb/backend/zellij/zellij.go:101.52,105.16 4 1
ttyweb/backend/zellij/zellij.go:105.16,107.3 1 0
ttyweb/backend/zellij/zellij.go:108.2,108.15 1 1
ttyweb/backend/zellij/zellij.go:112.55,116.21 2 1
ttyweb/backend/zellij/zellij.go:116.21,118.3 1 1
ttyweb/backend/zellij/zellij.go:119.2,120.13 2 1
ttyweb/backend/zellij/zellij.go:124.61,134.16 5 1
ttyweb/backend/zellij/zellij.go:134.16,136.3 1 0
ttyweb/backend/zellij/zellij.go:137.2,137.12 1 1
ttyweb/backend/zellij/zellij.go:141.31,142.42 1 1
ttyweb/backend/zellij/zellij.go:142.42,144.3 1 1
ttyweb/backend/zellij/zellij.go:145.2,145.6 1 1
ttyweb/backend/zellij/zellij.go:145.6,146.10 1 1
ttyweb/backend/zellij/zellij.go:147.22,148.14 1 1
ttyweb/backend/zellij/zellij.go:149.28,150.45 1 0
ttyweb/backend/zellij/zellij.go:155.50,156.25 1 1
ttyweb/backend/zellij/zellij.go:156.25,158.3 1 1
ttyweb/backend/zellij/zellij.go:159.2,159.29 1 1
ttyweb/worktree/branch.go:29.79,33.20 3 1
ttyweb/worktree/branch.go:33.20,35.3 1 1
ttyweb/worktree/branch.go:37.2,38.16 2 1
ttyweb/worktree/branch.go:38.16,40.3 1 0
ttyweb/worktree/branch.go:42.2,43.16 2 1
ttyweb/worktree/branch.go:43.16,45.3 1 1
ttyweb/worktree/branch.go:48.2,49.16 2 1
ttyweb/worktree/branch.go:49.16,51.3 1 0
ttyweb/worktree/branch.go:52.2,53.28 2 1
ttyweb/worktree/branch.go:53.28,55.3 1 1
ttyweb/worktree/branch.go:58.2,62.16 3 1
ttyweb/worktree/branch.go:62.16,64.3 1 0
ttyweb/worktree/branch.go:66.2,67.61 2 1
ttyweb/worktree/branch.go:67.61,69.29 1 1
ttyweb/worktree/branch.go:69.29,71.4 1 1
ttyweb/worktree/branch.go:72.3,86.13 5 1
ttyweb/worktree/branch.go:87.17,89.3 1 0
ttyweb/worktree/branch.go:91.2,91.22 1 1
ttyweb/worktree/branch.go:95.69,96.49 1 1
ttyweb/worktree/branch.go:96.49,98.3 1 1
ttyweb/worktree/branch.go:100.2,101.20 2 1
ttyweb/worktree/branch.go:101.20,103.3 1 1
ttyweb/worktree/branch.go:105.2,106.16 2 1
ttyweb/worktree/branch.go:106.16,108.3 1 0
ttyweb/worktree/branch.go:110.2,111.16 2 1
ttyweb/worktree/branch.go:111.16,113.3 1 1
ttyweb/worktree/branch.go:115.2,116.16 2 1
ttyweb/worktree/branch.go:116.16,118.3 1 0
ttyweb/worktree/branch.go:120.2,121.60 2 1
ttyweb/worktree/branch.go:121.60,123.3 1 1
ttyweb/worktree/branch.go:125.2,126.57 2 1
ttyweb/worktree/branch.go:126.57,128.3 1 0
ttyweb/worktree/branch.go:130.2,130.12 1 1
ttyweb/worktree/branch.go:135.69,136.49 1 1
ttyweb/worktree/branch.go:136.49,138.3 1 1
ttyweb/worktree/branch.go:140.2,141.20 2 1
ttyweb/worktree/branch.go:141.20,143.3 1 1
ttyweb/worktree/branch.go:145.2,146.16 2 1
ttyweb/worktree/branch.go:146.16,148.3 1 0
ttyweb/worktree/branch.go:150.2,151.16 2 1
ttyweb/worktree/branch.go:151.16,153.3 1 0
ttyweb/worktree/branch.go:156.2,157.60 2 1
ttyweb/worktree/branch.go:157.60,159.3 1 1
ttyweb/worktree/branch.go:162.2,163.47 2 1
ttyweb/worktree/branch.go:163.47,165.3 1 1
ttyweb/worktree/branch.go:168.2,169.27 2 1
ttyweb/worktree/branch.go:169.27,171.3 1 0
ttyweb/worktree/branch.go:173.2,173.63 1 1
ttyweb/worktree/branch.go:173.63,175.3 1 0
ttyweb/worktree/branch.go:177.2,177.12 1 1
ttyweb/worktree/branch.go:183.78,184.51 1 1
ttyweb/worktree/branch.go:184.51,186.3 1 1
ttyweb/worktree/branch.go:187.2,187.51 1 1
ttyweb/worktree/branch.go:187.51,189.3 1 1
ttyweb/worktree/branch.go:190.2,190.22 1 1
ttyweb/worktree/branch.go:190.22,192.3 1 1
ttyweb/worktree/branch.go:194.2,195.20 2 1
ttyweb/worktree/branch.go:195.20,197.3 1 1
ttyweb/worktree/branch.go:199.2,200.16 2 1
ttyweb/worktree/branch.go:200.16,202.3 1 0
ttyweb/worktree/branch.go:204.2,205.16 2 1
ttyweb/worktree/branch.go:205.16,207.3 1 0
ttyweb/worktree/branch.go:210.2,211.16 2 1
ttyweb/worktree/branch.go:211.16,213.3 1 1
ttyweb/worktree/branch.go:214.2,215.16 2 1
ttyweb/worktree/branch.go:215.16,217.3 1 1
ttyweb/worktree/branch.go:220.2,221.16 2 1
ttyweb/worktree/branch.go:221.16,223.3 1 0
ttyweb/worktree/branch.go:225.2,225.16 1 1
ttyweb/worktree/branch.go:225.16,228.58 2 0
ttyweb/worktree/branch.go:228.58,230.4 1 0
ttyweb/worktree/branch.go:231.3,231.13 1 0
ttyweb/worktree/branch.go:235.2,235.50 1 1
ttyweb/worktree/branch.go:240.100,243.16 3 1
ttyweb/worktree/branch.go:243.16,245.3 1 1
ttyweb/worktree/branch.go:247.2,248.16 2 1
ttyweb/worktree/branch.go:248.16,250.3 1 0
ttyweb/worktree/branch.go:252.2,253.16 2 1
ttyweb/worktree/branch.go:253.16,255.3 1 0
ttyweb/worktree/branch.go:256.2,257.16 2 1
ttyweb/worktree/branch.go:257.16,259.3 1 0
ttyweb/worktree/branch.go:261.2,261.62 1 1
ttyweb/worktree/branch.go:265.101,267.36 1 1
ttyweb/worktree/branch.go:267.36,269.3 1 1
ttyweb/worktree/branch.go:273.2,274.16 2 1
ttyweb/worktree/branch.go:274.16,276.3 1 0
ttyweb/worktree/branch.go:279.2,279.25 1 1
ttyweb/worktree/branch.go:279.25,280.24 1 1
ttyweb/worktree/branch.go:280.24,281.12 1 0
ttyweb/worktree/branch.go:283.3,284.31 2 1
ttyweb/worktree/branch.go:284.31,287.4 1 1
ttyweb/worktree/branch.go:289.2,289.18 1 0
ttyweb/worktree/branch.go:294.78,298.16 2 1
ttyweb/worktree/branch.go:298.16,300.3 1 0
ttyweb/worktree/branch.go:301.2,302.16 2 1
ttyweb/worktree/branch.go:302.16,304.3 1 0
ttyweb/worktree/branch.go:305.2,308.30 2 1
ttyweb/worktree/branch.go:308.30,310.3 1 1
ttyweb/worktree/branch.go:313.2,313.62 1 1
ttyweb/worktree/branch.go:313.62,315.3 1 0
ttyweb/worktree/branch.go:317.2,318.21 2 1
ttyweb/worktree/branch.go:318.21,322.3 2 1
ttyweb/worktree/branch.go:325.2,325.70 1 0
ttyweb/worktree/branch.go:325.70,327.3 1 0
ttyweb/worktree/branch.go:329.2,329.12 1 0
ttyweb/worktree/branch.go:333.68,339.16 6 1
ttyweb/worktree/branch.go:339.16,341.3 1 0
ttyweb/worktree/branch.go:342.2,342.12 1 1
ttyweb/worktree/branch.go:347.65,353.16 6 1
ttyweb/worktree/branch.go:353.16,361.3 5 1
ttyweb/worktree/branch.go:362.2,362.12 1 1
ttyweb/worktree/errors.go:30.36,30.53 1 1
ttyweb/worktree/errors.go:40.34,42.20 2 1
ttyweb/worktree/errors.go:42.20,44.3 1 1
ttyweb/worktree/errors.go:45.2,45.20 1 1
ttyweb/worktree/errors.go:45.20,47.3 1 1
ttyweb/worktree/errors.go:48.2,48.12 1 1
ttyweb/worktree/errors.go:52.41,55.2 2 1
ttyweb/worktree/errors.go:58.34,60.2 1 1
ttyweb/worktree/hooks.go:23.36,23.56 1 1
ttyweb/worktree/hooks.go:35.43,41.2 1 1
ttyweb/worktree/hooks.go:47.71,52.55 3 1
ttyweb/worktree/hooks.go:52.55,54.3 1 1
ttyweb/worktree/hooks.go:56.2,61.16 5 1
ttyweb/worktree/hooks.go:61.16,63.3 1 1
ttyweb/worktree/hooks.go:65.2,65.12 1 1
ttyweb/worktree/pr.go:46.84,48.18 2 1
ttyweb/worktree/pr.go:48.18,50.3 1 0
ttyweb/worktree/pr.go:52.2,53.16 2 1
ttyweb/worktree/pr.go:53.16,55.3 1 1
ttyweb/worktree/pr.go:57.2,58.36 2 1
ttyweb/worktree/pr.go:58.36,60.3 1 1
ttyweb/worktree/pr.go:62.2,63.16 2 1
ttyweb/worktree/pr.go:63.16,65.3 1 1
ttyweb/worktree/pr.go:66.2,66.15 1 1
ttyweb/worktree/pr.go:66.15,66.40 1 1
ttyweb/worktree/pr.go:68.2,69.16 2 1
ttyweb/worktree/pr.go:69.16,71.3 1 0
ttyweb/worktree/pr.go:73.2,73.38 1 1
ttyweb/worktree/pr.go:73.38,74.49 1 1
ttyweb/worktree/pr.go:74.49,76.4 1 1
ttyweb/worktree/pr.go:77.3,77.91 1 1
ttyweb/worktree/pr.go:80.2,81.50 2 1
ttyweb/worktree/pr.go:81.50,83.3 1 1
ttyweb/worktree/pr.go:85.2,91.8 1 1
ttyweb/worktree/pr.go:96.54,98.20 2 1
ttyweb/worktree/pr.go:98.20,100.3 1 0
ttyweb/worktree/pr.go:102.2,103.16 2 1
ttyweb/worktree/pr.go:103.16,105.3 1 0
ttyweb/worktree/pr.go:107.2,108.16 2 1
ttyweb/worktree/pr.go:108.16,110.3 1 0
ttyweb/worktree/pr.go:112.2,113.16 2 1
ttyweb/worktree/pr.go:113.16,115.3 1 1
ttyweb/worktree/pr.go:117.2,117.36 1 0
ttyweb/worktree/pr.go:117.36,119.3 1 0
ttyweb/worktree/pr.go:121.2,122.33 2 0
ttyweb/worktree/pr.go:128.54,134.42 3 1
ttyweb/worktree/pr.go:134.42,139.19 3 1
ttyweb/worktree/pr.go:139.19,141.4 1 1
ttyweb/worktree/pr.go:142.3,142.34 1 1
ttyweb/worktree/pr.go:143.8,143.96 1 1
ttyweb/worktree/pr.go:143.96,148.19 3 1
ttyweb/worktree/pr.go:148.19,150.4 1 1
ttyweb/worktree/pr.go:151.3,151.36 1 1
ttyweb/worktree/pr.go:152.8,154.3 1 1
ttyweb/worktree/pr.go:157.2,158.57 2 1
ttyweb/worktree/pr.go:158.57,160.3 1 1
ttyweb/worktree/pr.go:162.2,162.39 1 1
ttyweb/worktree/pr.go:167.94,169.22 2 1
ttyweb/worktree/pr.go:169.22,171.3 1 1
ttyweb/worktree/pr.go:172.2,172.55 1 1
ttyweb/worktree/pr.go:172.55,174.3 1 1
ttyweb/worktree/pr.go:175.2,176.15 2 1
ttyweb/worktree/pr.go:176.15,178.3 1 1
ttyweb/worktree/pr.go:180.2,181.20 2 1
ttyweb/worktree/pr.go:181.20,183.3 1 1
ttyweb/worktree/pr.go:185.2,186.16 2 1
ttyweb/worktree/pr.go:186.16,188.3 1 0
ttyweb/worktree/pr.go:190.2,191.16 2 1
ttyweb/worktree/pr.go:191.16,193.3 1 1
ttyweb/worktree/pr.go:196.2,205.16 5 1
ttyweb/worktree/pr.go:205.16,209.75 2 1
ttyweb/worktree/pr.go:209.75,211.4 1 1
ttyweb/worktree/pr.go:215.2,217.16 3 0
ttyweb/worktree/pr.go:217.16,219.3 1 0
ttyweb/worktree/pr.go:221.2,223.57 3 0
ttyweb/worktree/pr.go:223.57,225.3 1 0
ttyweb/worktree/pr.go:228.2,229.71 2 0
ttyweb/worktree/pr.go:229.71,233.3 2 0
ttyweb/worktree/pr.go:235.2,235.26 1 0
ttyweb/worktree/repo_cache.go:19.32,21.2 1 1
ttyweb/worktree/repo_cache.go:29.66,36.8 5 1
ttyweb/worktree/repo_cache.go:36.8,38.3 1 1
ttyweb/worktree/repo_cache.go:41.2,45.31 3 1
ttyweb/worktree/repo_cache.go:45.31,47.3 1 1
ttyweb/worktree/repo_cache.go:49.2,50.16 2 1
ttyweb/worktree/repo_cache.go:50.16,52.3 1 1
ttyweb/worktree/repo_cache.go:53.2,54.15 2 1
ttyweb/worktree/repo_cache.go:58.41,62.2 3 1
ttyweb/worktree/repo_cache.go:65.29,70.2 3 1
ttyweb/worktree/repo_lock.go:21.30,23.2 1 1
ttyweb/worktree/repo_lock.go:27.41,31.2 3 1
ttyweb/worktree/repo_lock.go:35.67,37.6 2 1
ttyweb/worktree/repo_lock.go:37.6,38.10 1 1
ttyweb/worktree/repo_lock.go:39.21,40.14 1 1
ttyweb/worktree/repo_lock.go:41.11,41.11 0 1
ttyweb/worktree/repo_lock.go:43.3,43.25 1 1
ttyweb/worktree/repo_lock.go:43.25,45.4 1 1
ttyweb/worktree/repo_lock.go:46.3,46.35 1 1
ttyweb/worktree/repo_lock.go:53.68,55.6 2 1
ttyweb/worktree/repo_lock.go:55.6,56.10 1 1
ttyweb/worktree/repo_lock.go:57.21,58.14 1 1
ttyweb/worktree/repo_lock.go:59.11,59.11 0 1
ttyweb/worktree/repo_lock.go:61.3,61.26 1 1
ttyweb/worktree/repo_lock.go:61.26,63.4 1 1
ttyweb/worktree/repo_lock.go:64.3,64.35 1 0
ttyweb/worktree/repo_lock.go:68.54,72.2 3 1
ttyweb/worktree/repo_lock.go:74.62,75.33 1 1
ttyweb/worktree/repo_lock.go:75.33,77.3 1 1
ttyweb/worktree/repo_lock.go:78.2,80.10 3 1
ttyweb/worktree/semaphore.go:21.55,23.2 1 1
ttyweb/worktree/semaphore.go:27.74,28.9 1 1
ttyweb/worktree/semaphore.go:29.27,30.32 1 1
ttyweb/worktree/semaphore.go:30.32,30.43 1 1
ttyweb/worktree/semaphore.go:31.20,32.74 1 1
ttyweb/worktree/semaphore.go:43.27,44.34 1 1
ttyweb/worktree/semaphore.go:44.34,46.3 1 1
ttyweb/worktree/semaphore.go:47.2,47.22 1 1
ttyweb/worktree/semaphore.go:51.45,53.2 1 1
ttyweb/worktree/worktree.go:48.44,50.19 2 1
ttyweb/worktree/worktree.go:50.19,52.3 1 1
ttyweb/worktree/worktree.go:53.2,53.40 1 1
ttyweb/worktree/worktree.go:53.40,55.3 1 1
ttyweb/worktree/worktree.go:56.2,56.12 1 1
ttyweb/worktree/worktree.go:63.42,65.24 2 1
ttyweb/worktree/worktree.go:65.24,67.14 2 1
ttyweb/worktree/worktree.go:69.57,69.57 0 1
ttyweb/worktree/worktree.go:71.11,72.34 1 1
ttyweb/worktree/worktree.go:75.2,75.17 1 1
ttyweb/worktree/worktree.go:81.34,84.2 2 1
ttyweb/worktree/worktree.go:89.88,92.16 3 1
ttyweb/worktree/worktree.go:92.16,94.3 1 1
ttyweb/worktree/worktree.go:95.2,96.60 2 1
ttyweb/worktree/worktree.go:96.60,98.3 1 1
ttyweb/worktree/worktree.go:99.2,100.57 2 1
ttyweb/worktree/worktree.go:100.57,102.3 1 0
ttyweb/worktree/worktree.go:103.2,103.12 1 1
ttyweb/worktree/worktree.go:109.118,111.20 2 1
ttyweb/worktree/worktree.go:111.20,113.3 1 1
ttyweb/worktree/worktree.go:114.2,114.55 1 1
ttyweb/worktree/worktree.go:114.55,116.3 1 1
ttyweb/worktree/worktree.go:118.2,119.16 2 1
ttyweb/worktree/worktree.go:119.16,121.3 1 0
ttyweb/worktree/worktree.go:123.2,124.16 2 1
ttyweb/worktree/worktree.go:124.16,126.3 1 1
ttyweb/worktree/worktree.go:128.2,128.18 1 1
ttyweb/worktree/worktree.go:128.18,130.17 2 1
ttyweb/worktree/worktree.go:130.17,132.4 1 0
ttyweb/worktree/worktree.go:133.3,133.17 1 1
ttyweb/worktree/worktree.go:133.17,135.4 1 0
ttyweb/worktree/worktree.go:136.3,136.70 1 1
ttyweb/worktree/worktree.go:136.70,138.4 1 1
ttyweb/worktree/worktree.go:141.2,142.71 2 1
ttyweb/worktree/worktree.go:142.71,143.19 1 0
ttyweb/worktree/worktree.go:143.19,146.4 2 0
ttyweb/worktree/worktree.go:147.3,147.17 1 0
ttyweb/worktree/worktree.go:150.2,150.26 1 1
ttyweb/worktree/worktree.go:154.74,157.20 3 1
ttyweb/worktree/worktree.go:157.20,159.3 1 1
ttyweb/worktree/worktree.go:160.2,161.16 2 1
ttyweb/worktree/worktree.go:161.16,163.3 1 0
ttyweb/worktree/worktree.go:164.2,164.37 1 1
ttyweb/worktree/worktree.go:169.91,172.20 3 1
ttyweb/worktree/worktree.go:172.20,174.3 1 1
ttyweb/worktree/worktree.go:175.2,176.24 2 1
ttyweb/worktree/worktree.go:176.24,178.3 1 1
ttyweb/worktree/worktree.go:179.2,180.16 2 1
ttyweb/worktree/worktree.go:180.16,182.3 1 0
ttyweb/worktree/worktree.go:183.2,184.16 2 1
ttyweb/worktree/worktree.go:184.16,186.3 1 0
ttyweb/worktree/worktree.go:189.2,189.56 1 1
ttyweb/worktree/worktree.go:189.56,193.3 3 1
ttyweb/worktree/worktree.go:195.2,195.58 1 1
ttyweb/worktree/worktree.go:199.83,201.24 2 1
ttyweb/worktree/worktree.go:201.24,203.3 1 1
ttyweb/worktree/worktree.go:205.2,206.16 2 1
ttyweb/worktree/worktree.go:206.16,208.3 1 0
ttyweb/worktree/worktree.go:210.2,210.36 1 1
ttyweb/worktree/worktree.go:214.78,216.24 2 1
ttyweb/worktree/worktree.go:216.24,218.3 1 1
ttyweb/worktree/worktree.go:219.2,220.19 2 1
ttyweb/worktree/worktree.go:220.19,222.3 1 1
ttyweb/worktree/worktree.go:224.2,225.16 2 1
ttyweb/worktree/worktree.go:225.16,227.3 1 0
ttyweb/worktree/worktree.go:229.2,230.16 2 1
ttyweb/worktree/worktree.go:230.16,232.3 1 1
ttyweb/worktree/worktree.go:234.2,235.16 2 1
ttyweb/worktree/worktree.go:235.16,237.3 1 0
ttyweb/worktree/worktree.go:239.2,239.72 1 1
ttyweb/worktree/worktree.go:239.72,241.3 1 0
ttyweb/worktree/worktree.go:243.2,244.16 2 1
ttyweb/worktree/worktree.go:244.16,245.43 1 1
ttyweb/worktree/worktree.go:245.43,247.4 1 1
ttyweb/worktree/worktree.go:248.3,248.84 1 0
ttyweb/worktree/worktree.go:251.2,251.12 1 1
ttyweb/worktree/worktree.go:256.47,268.2 2 1
ttyweb/worktree/worktree.go:270.70,272.16 2 1
ttyweb/worktree/worktree.go:272.16,274.3 1 1
ttyweb/worktree/worktree.go:275.2,275.94 1 1
ttyweb/worktree/worktree.go:275.94,276.80 1 1
ttyweb/worktree/worktree.go:276.80,278.4 1 1
ttyweb/worktree/worktree.go:280.2,280.11 1 0
ttyweb/worktree/worktree.go:284.34,287.61 3 1
ttyweb/worktree/worktree.go:287.61,289.3 1 0
ttyweb/worktree/worktree.go:290.2,290.61 1 1
ttyweb/worktree/worktree.go:290.61,292.3 1 0
ttyweb/worktree/worktree.go:293.2,293.25 1 1
ttyweb/worktree/worktree.go:296.63,298.16 2 1
ttyweb/worktree/worktree.go:298.16,300.3 1 0
ttyweb/worktree/worktree.go:301.2,302.16 2 1
ttyweb/worktree/worktree.go:302.16,304.3 1 1
ttyweb/worktree/worktree.go:305.2,306.16 2 1
ttyweb/worktree/worktree.go:306.16,308.3 1 0
ttyweb/worktree/worktree.go:309.2,309.42 1 1
ttyweb/worktree/worktree.go:312.55,314.16 2 1
ttyweb/worktree/worktree.go:314.16,316.3 1 1
ttyweb/worktree/worktree.go:318.2,319.16 2 1
ttyweb/worktree/worktree.go:319.16,321.3 1 0
ttyweb/worktree/worktree.go:323.2,324.16 2 1
ttyweb/worktree/worktree.go:324.16,326.3 1 0
ttyweb/worktree/worktree.go:328.2,329.26 2 1
ttyweb/worktree/worktree.go:329.26,330.32 1 1
ttyweb/worktree/worktree.go:330.32,332.12 2 1
ttyweb/worktree/worktree.go:334.3,334.33 1 1
ttyweb/worktree/worktree.go:334.33,336.12 2 0
ttyweb/worktree/worktree.go:338.3,338.44 1 1
ttyweb/worktree/worktree.go:338.44,340.4 1 1
ttyweb/worktree/worktree.go:341.3,341.70 1 1
ttyweb/worktree/worktree.go:341.70,343.4 1 1
ttyweb/worktree/worktree.go:346.2,347.20 2 1
ttyweb/worktree/worktree.go:351.55,353.2 1 1
ttyweb/worktree/worktree.go:356.56,358.2 1 1
ttyweb/worktree/worktree.go:361.57,362.12 1 1
ttyweb/worktree/worktree.go:363.79,364.14 1 1
ttyweb/worktree/worktree.go:365.67,366.15 1 1
ttyweb/worktree/worktree.go:368.2,368.14 1 0
ttyweb/worktree/worktree.go:373.60,375.43 2 1
ttyweb/worktree/worktree.go:375.43,377.3 1 1
ttyweb/worktree/worktree.go:379.2,381.16 3 1
ttyweb/worktree/worktree.go:381.16,383.3 1 1
ttyweb/worktree/worktree.go:385.2,386.16 2 1
ttyweb/worktree/worktree.go:386.16,388.3 1 0
ttyweb/worktree/worktree.go:389.2,390.16 2 1
ttyweb/worktree/worktree.go:390.16,392.3 1 0
ttyweb/worktree/worktree.go:394.2,394.62 1 1
ttyweb/worktree/worktree.go:398.71,400.27 2 1
ttyweb/worktree/worktree.go:400.27,402.31 2 1
ttyweb/worktree/worktree.go:402.31,404.4 1 1
ttyweb/worktree/worktree.go:406.2,406.14 1 1
ttyweb/worktree/worktree_diff.go:22.90,26.24 3 1
ttyweb/worktree/worktree_diff.go:26.24,28.3 1 0
ttyweb/worktree/worktree_diff.go:29.2,32.16 3 1
ttyweb/worktree/worktree_diff.go:32.16,34.3 1 0
ttyweb/worktree/worktree_diff.go:36.2,37.16 2 1
ttyweb/worktree/worktree_diff.go:37.16,39.3 1 0
ttyweb/worktree/worktree_diff.go:41.2,42.16 2 1
ttyweb/worktree/worktree_diff.go:42.16,43.52 1 1
ttyweb/worktree/worktree_diff.go:43.52,45.4 1 1
ttyweb/worktree/worktree_diff.go:46.3,46.94 1 0
ttyweb/worktree/worktree_diff.go:49.2,50.16 2 1
ttyweb/worktree/worktree_diff.go:50.16,52.3 1 0
ttyweb/worktree/worktree_diff.go:54.2,55.16 2 1
ttyweb/worktree/worktree_diff.go:55.16,57.3 1 0
ttyweb/worktree/worktree_diff.go:59.2,60.16 2 1
ttyweb/worktree/worktree_diff.go:60.16,62.3 1 0
ttyweb/worktree/worktree_diff.go:64.2,65.16 2 1
ttyweb/worktree/worktree_diff.go:65.16,67.3 1 0
ttyweb/worktree/worktree_diff.go:70.2,71.16 2 1
ttyweb/worktree/worktree_diff.go:71.16,73.3 1 0
ttyweb/worktree/worktree_diff.go:75.2,77.31 2 1
ttyweb/worktree/worktree_diff.go:77.31,82.10 3 1
ttyweb/worktree/worktree_diff.go:83.72,86.47 2 1
ttyweb/worktree/worktree_diff.go:88.74,91.36 2 1
ttyweb/worktree/worktree_diff.go:91.36,94.23 3 1
ttyweb/worktree/worktree_diff.go:94.23,96.6 1 1
ttyweb/worktree/worktree_diff.go:99.11,101.12 1 1
ttyweb/worktree/worktree_diff.go:104.3,104.52 1 1
ttyweb/worktree/worktree_diff.go:107.2,107.45 1 1
ttyweb/worktree/worktree_diff.go:111.82,113.16 2 1
ttyweb/worktree/worktree_diff.go:113.16,115.3 1 0
ttyweb/worktree/worktree_diff.go:116.2,117.16 2 1
ttyweb/worktree/worktree_diff.go:117.16,119.3 1 0
ttyweb/worktree/worktree_diff.go:120.2,121.16 2 1
ttyweb/worktree/worktree_diff.go:121.16,123.3 1 0
ttyweb/worktree/worktree_diff.go:124.2,124.15 1 1
ttyweb/worktree/worktree_diff.go:124.15,124.37 1 1
ttyweb/worktree/worktree_diff.go:125.2,126.13 2 1
ttyweb/worktree/worktree_diff.go:130.82,132.16 2 1
ttyweb/worktree/worktree_diff.go:132.16,134.3 1 0
ttyweb/worktree/worktree_diff.go:135.2,136.16 2 1
ttyweb/worktree/worktree_diff.go:136.16,138.3 1 0
ttyweb/worktree/worktree_diff.go:139.2,140.16 2 1
ttyweb/worktree/worktree_diff.go:140.16,142.3 1 0
ttyweb/worktree/worktree_diff.go:143.2,143.15 1 1
ttyweb/worktree/worktree_diff.go:143.15,143.37 1 1
ttyweb/worktree/worktree_diff.go:144.2,145.13 2 1
ttyweb/worktree/worktree_diff.go:149.83,155.26 4 1
ttyweb/worktree/worktree_diff.go:155.26,157.3 1 1
ttyweb/worktree/worktree_diff.go:157.8,157.33 1 1
ttyweb/worktree/worktree_diff.go:157.33,159.3 1 1
ttyweb/worktree/worktree_diff.go:161.2,161.36 1 1
ttyweb/worktree/worktree_diff.go:165.64,168.28 2 1
ttyweb/worktree/worktree_diff.go:168.28,170.3 1 1
ttyweb/worktree/worktree_diff.go:171.2,172.80 2 1
ttyweb/worktree/worktree_diff.go:172.80,174.3 1 1
ttyweb/worktree/worktree_diff.go:177.2,179.109 3 1
ttyweb/worktree/worktree_diff.go:179.109,182.3 2 1
ttyweb/worktree/worktree_diff.go:184.2,187.36 3 1
ttyweb/worktree/worktree_diff.go:187.36,189.3 1 1
ttyweb/worktree/worktree_diff.go:191.2,193.44 2 1
ttyweb/worktree/worktree_diff.go:193.44,195.3 1 1
ttyweb/worktree/worktree_diff.go:196.2,196.44 1 1
ttyweb/worktree/worktree_diff.go:196.44,198.3 1 1
ttyweb/worktree/worktree_mgmt.go:22.67,24.16 2 1
ttyweb/worktree/worktree_mgmt.go:24.16,26.3 1 1
ttyweb/worktree/worktree_mgmt.go:29.2,31.16 3 1
ttyweb/worktree/worktree_mgmt.go:31.16,33.3 1 1
ttyweb/worktree/worktree_mgmt.go:36.2,37.16 2 1
ttyweb/worktree/worktree_mgmt.go:37.16,39.3 1 0
ttyweb/worktree/worktree_mgmt.go:40.2,41.16 2 1
ttyweb/worktree/worktree_mgmt.go:41.16,43.3 1 0
ttyweb/worktree/worktree_mgmt.go:46.2,46.57 1 1
ttyweb/worktree/worktree_mgmt.go:46.57,48.3 1 0
ttyweb/worktree/worktree_mgmt.go:50.2,56.105 5 1
ttyweb/worktree/worktree_mgmt.go:56.105,59.3 2 0
ttyweb/worktree/worktree_mgmt.go:62.2,62.54 1 1
ttyweb/worktree/worktree_mgmt.go:62.54,65.3 2 0
ttyweb/worktree/worktree_mgmt.go:68.2,68.107 1 1
ttyweb/worktree/worktree_mgmt.go:68.107,71.3 2 0
ttyweb/worktree/worktree_mgmt.go:74.2,74.122 1 1
ttyweb/worktree/worktree_mgmt.go:74.122,77.3 2 0
ttyweb/worktree/worktree_mgmt.go:80.2,80.129 1 1
ttyweb/worktree/worktree_mgmt.go:80.129,83.3 2 0
ttyweb/worktree/worktree_mgmt.go:86.2,86.74 1 1
ttyweb/worktree/worktree_mgmt.go:86.74,89.3 2 0
ttyweb/worktree/worktree_mgmt.go:91.2,91.12 1 1
ttyweb/worktree/worktree_mgmt.go:96.100,99.57 2 1
ttyweb/worktree/worktree_mgmt.go:99.57,101.66 2 1
ttyweb/worktree/worktree_mgmt.go:101.66,103.4 1 1
ttyweb/worktree/worktree_mgmt.go:105.3,105.33 1 1
ttyweb/worktree/worktree_mgmt.go:105.33,107.18 2 1
ttyweb/worktree/worktree_mgmt.go:107.18,109.5 1 0
ttyweb/worktree/worktree_mgmt.go:110.4,110.54 1 1
ttyweb/worktree/worktree_mgmt.go:110.54,112.5 1 0
ttyweb/worktree/worktree_mgmt.go:113.4,113.14 1 1
ttyweb/worktree/worktree_mgmt.go:116.3,117.17 2 1
ttyweb/worktree/worktree_mgmt.go:117.17,119.4 1 0
ttyweb/worktree/worktree_mgmt.go:120.3,120.16 1 1
ttyweb/worktree/worktree_mgmt.go:120.16,120.36 1 1
ttyweb/worktree/worktree_mgmt.go:122.3,123.17 2 1
ttyweb/worktree/worktree_mgmt.go:123.17,125.4 1 0
ttyweb/worktree/worktree_mgmt.go:126.3,126.16 1 1
ttyweb/worktree/worktree_mgmt.go:126.16,126.34 1 1
ttyweb/worktree/worktree_mgmt.go:128.3,128.46 1 1
ttyweb/worktree/worktree_mgmt.go:128.46,130.4 1 0
ttyweb/worktree/worktree_mgmt.go:133.3,134.17 2 1
ttyweb/worktree/worktree_mgmt.go:134.17,136.4 1 0
ttyweb/worktree/worktree_mgmt.go:137.3,149.13 2 1
ttyweb/worktree/worktree_mgmt.go:151.2,151.16 1 1
ttyweb/worktree/worktree_mgmt.go:151.16,153.3 1 1
ttyweb/worktree/worktree_mgmt.go:156.2,157.16 2 1
ttyweb/worktree/worktree_mgmt.go:157.16,159.3 1 0
ttyweb/worktree/worktree_mgmt.go:160.2,160.15 1 1
ttyweb/worktree/worktree_mgmt.go:160.15,160.38 1 1
ttyweb/worktree/worktree_mgmt.go:162.2,162.62 1 1
ttyweb/worktree/worktree_mgmt.go:162.62,164.3 1 0
ttyweb/worktree/worktree_mgmt.go:166.2,166.12 1 1
ttyweb/worktree/worktree_mgmt.go:171.59,175.16 3 1
ttyweb/worktree/worktree_mgmt.go:175.16,176.25 1 1
ttyweb/worktree/worktree_mgmt.go:176.25,178.4 1 1
ttyweb/worktree/worktree_mgmt.go:179.3,179.56 1 0
ttyweb/worktree/worktree_mgmt.go:182.2,186.16 4 1
ttyweb/worktree/worktree_mgmt.go:186.16,188.3 1 0
ttyweb/worktree/worktree_mgmt.go:190.2,190.32 1 1
ttyweb/worktree/worktree_mgmt.go:190.32,191.21 1 1
ttyweb/worktree/worktree_mgmt.go:191.21,192.12 1 1
ttyweb/worktree/worktree_mgmt.go:194.3,197.17 3 1
ttyweb/worktree/worktree_mgmt.go:197.17,199.12 2 1
ttyweb/worktree/worktree_mgmt.go:201.3,204.52 2 1
ttyweb/worktree/worktree_mgmt.go:204.52,206.12 2 1
ttyweb/worktree/worktree_mgmt.go:209.3,210.17 2 1
ttyweb/worktree/worktree_mgmt.go:210.17,212.12 2 1
ttyweb/worktree/worktree_mgmt.go:215.3,218.36 3 1
ttyweb/worktree/worktree_mgmt.go:218.36,219.62 1 1
ttyweb/worktree/worktree_mgmt.go:219.62,221.5 1 1
ttyweb/worktree/worktree_mgmt.go:224.3,229.5 1 1
ttyweb/worktree/worktree_mgmt.go:232.2,232.19 1 1
ttyweb/worktree/worktree_mgmt.go:237.76,242.51 3 1
ttyweb/worktree/worktree_mgmt.go:242.51,244.3 1 1
ttyweb/worktree/worktree_mgmt.go:246.2,246.51 1 1
ttyweb/worktree/worktree_mgmt.go:246.51,248.3 1 0
ttyweb/worktree/worktree_mgmt.go:250.2,252.12 3 1
ttyweb/worktree/worktree_mgmt.go:258.46,260.16 2 1
ttyweb/worktree/worktree_mgmt.go:260.16,262.3 1 1
ttyweb/worktree/worktree_mgmt.go:263.2,264.16 2 1
ttyweb/worktree/worktree_mgmt.go:264.16,266.3 1 0
ttyweb/worktree/worktree_mgmt.go:267.2,268.16 2 1
ttyweb/worktree/worktree_mgmt.go:268.16,270.3 1 0
ttyweb/worktree/worktree_mgmt.go:271.2,271.27 1 1
ttyweb/worktree/worktree_mgmt.go:271.27,272.70 1 1
ttyweb/worktree/worktree_mgmt.go:272.70,274.4 1 1
ttyweb/worktree/worktree_mgmt.go:276.2,276.14 1 1
ttyweb/worktree/worktree_mgmt.go:280.45,282.16 2 1
ttyweb/worktree/worktree_mgmt.go:282.16,284.3 1 1
ttyweb/worktree/worktree_mgmt.go:285.2,286.16 2 1
ttyweb/worktree/worktree_mgmt.go:286.16,288.3 1 0
ttyweb/worktree/worktree_mgmt.go:289.2,290.28 2 1
ttyweb/worktree/worktree_mgmt.go:290.28,292.3 1 1
ttyweb/worktree/worktree_mgmt.go:293.2,294.63 2 1
ttyweb/worktree/worktree_mgmt.go:294.63,296.3 1 1
ttyweb/worktree/worktree_mgmt.go:297.2,303.3 1 1
ttyweb/worktree/worktree_mgmt.go:308.94,310.56 2 1
ttyweb/worktree/worktree_mgmt.go:310.56,314.17 4 1
ttyweb/worktree/worktree_mgmt.go:314.17,316.4 1 1
ttyweb/worktree/worktree_mgmt.go:317.3,317.28 1 1
ttyweb/worktree/worktree_mgmt.go:319.2,320.17 2 1
ttyweb/worktree/worktree_mgmt.go:325.38,327.2 1 1
ttyweb/ai/client.go:56.54,68.2 2 1
ttyweb/ai/client.go:72.103,82.16 3 1
ttyweb/ai/client.go:82.16,84.3 1 0
ttyweb/ai/client.go:86.2,88.16 3 1
ttyweb/ai/client.go:88.16,90.3 1 0
ttyweb/ai/client.go:92.2,96.16 4 1
ttyweb/ai/client.go:96.16,98.3 1 1
ttyweb/ai/client.go:99.2,99.15 1 1
ttyweb/ai/client.go:99.15,99.40 1 1
ttyweb/ai/client.go:101.2,102.16 2 1
ttyweb/ai/client.go:102.16,104.3 1 0
ttyweb/ai/client.go:106.2,106.38 1 1
ttyweb/ai/client.go:106.38,108.3 1 1
ttyweb/ai/client.go:110.2,111.56 2 1
ttyweb/ai/client.go:111.56,113.3 1 1
ttyweb/ai/client.go:115.2,115.27 1 1
ttyweb/ai/client.go:115.27,117.3 1 1
ttyweb/ai/client.go:119.2,119.32 1 1
ttyweb/ai/client.go:119.32,121.3 1 1
ttyweb/ai/client.go:123.2,124.19 2 1
ttyweb/ai/client.go:124.19,126.3 1 1
ttyweb/ai/client.go:128.2,128.21 1 1
ttyweb/ai/client.go:134.44,138.22 3 1
ttyweb/ai/client.go:138.22,140.3 1 1
ttyweb/ai/client.go:143.2,145.17 3 1
ttyweb/ai/client.go:145.17,148.3 1 1
ttyweb/ai/client.go:150.2,152.20 3 1
ttyweb/ai/client.go:152.20,155.3 1 1
ttyweb/ai/client.go:157.2,157.70 1 1
ttyweb/ai/conversation_parser.go:14.70,16.16 2 1
ttyweb/ai/conversation_parser.go:16.16,18.3 1 1
ttyweb/ai/conversation_parser.go:19.2,21.27 3 1
ttyweb/ai/conversation_parser.go:26.78,28.16 2 1
ttyweb/ai/conversation_parser.go:28.16,30.3 1 1
ttyweb/ai/conversation_parser.go:31.2,31.15 1 1
ttyweb/ai/conversation_parser.go:31.15,31.35 1 1
ttyweb/ai/conversation_parser.go:33.2,34.21 2 1
ttyweb/ai/conversation_parser.go:34.21,36.17 2 1
ttyweb/ai/conversation_parser.go:36.17,37.12 1 1
ttyweb/ai/conversation_parser.go:40.3,46.62 2 1
ttyweb/ai/conversation_parser.go:46.62,47.12 1 1
ttyweb/ai/conversation_parser.go:50.3,53.68 3 1
ttyweb/ai/conversation_parser.go:53.68,54.12 1 1
ttyweb/ai/conversation_parser.go:57.3,57.83 1 1
ttyweb/ai/conversation_parser.go:57.83,59.4 1 1
ttyweb/ai/conversation_parser.go:62.2,62.38 1 1
ttyweb/ai/conversation_parser.go:62.38,64.3 1 0
ttyweb/ai/conversation_parser.go:65.2,65.22 1 1
ttyweb/ai/conversation_parser.go:75.129,76.19 1 1
ttyweb/ai/conversation_parser.go:77.14,78.42 1 1
ttyweb/ai/conversation_parser.go:78.42,80.4 1 1
ttyweb/ai/conversation_parser.go:81.3,81.62 1 1
ttyweb/ai/conversation_parser.go:82.19,83.37 1 1
ttyweb/ai/conversation_parser.go:83.37,85.4 1 1
ttyweb/ai/conversation_parser.go:86.3,87.48 2 1
ttyweb/ai/conversation_parser.go:87.48,89.4 1 1
ttyweb/ai/conversation_parser.go:90.3,90.20 1 1
ttyweb/ai/conversation_parser.go:91.10,92.20 1 1
ttyweb/ai/conversation_parser.go:97.43,101.2 1 1
ttyweb/ai/conversation_parser.go:105.78,106.29 1 1
ttyweb/ai/conversation_parser.go:107.14,109.31 2 1
ttyweb/ai/conversation_parser.go:109.31,111.4 1 1
ttyweb/ai/conversation_parser.go:112.3,116.5 1 1
ttyweb/ai/conversation_parser.go:117.13,118.37 1 1
ttyweb/ai/conversation_parser.go:118.37,120.4 1 1
ttyweb/ai/conversation_parser.go:121.3,122.31 2 1
ttyweb/ai/conversation_parser.go:122.31,124.4 1 1
ttyweb/ai/conversation_parser.go:125.3,129.5 1 1
ttyweb/ai/conversation_parser.go:130.10,131.13 1 1
ttyweb/ai/conversation_parser.go:136.81,142.29 2 1
ttyweb/ai/conversation_parser.go:143.14,144.37 1 1
ttyweb/ai/conversation_parser.go:145.13,146.27 1 1
ttyweb/ai/conversation_parser.go:146.27,148.11 2 1
ttyweb/ai/conversation_parser.go:148.11,149.13 1 1
ttyweb/ai/conversation_parser.go:151.4,153.21 2 1
ttyweb/ai/conversation_parser.go:154.16,155.50 1 1
ttyweb/ai/conversation_parser.go:155.50,157.6 1 1
ttyweb/ai/conversation_parser.go:158.20,166.7 4 1
ttyweb/ai/conversation_parser.go:169.3,169.47 1 1
ttyweb/ai/conversation_parser.go:172.2,172.12 1 1
ttyweb/ai/conversation_parser.go:176.53,177.31 1 1
ttyweb/ai/conversation_parser.go:177.31,179.10 2 1
ttyweb/ai/conversation_parser.go:179.10,180.12 1 1
ttyweb/ai/conversation_parser.go:182.3,182.60 1 1
ttyweb/ai/conversation_parser.go:182.60,184.4 1 1
ttyweb/ai/conversation_parser.go:186.2,186.14 1 1
ttyweb/ai/conversation_parser.go:190.84,192.31 2 1
ttyweb/ai/conversation_parser.go:192.31,194.10 2 1
ttyweb/ai/conversation_parser.go:194.10,195.12 1 1
ttyweb/ai/conversation_parser.go:197.3,197.60 1 1
ttyweb/ai/conversation_parser.go:197.60,198.12 1 1
ttyweb/ai/conversation_parser.go:201.3,214.5 4 1
ttyweb/ai/conversation_parser.go:216.2,216.17 1 1
ttyweb/ai/conversation_parser.go:220.51,221.29 1 1
ttyweb/ai/conversation_parser.go:222.14,223.11 1 1
ttyweb/ai/conversation_parser.go:224.13,226.27 2 1
ttyweb/ai/conversation_parser.go:226.27,228.11 2 1
ttyweb/ai/conversation_parser.go:228.11,229.13 1 1
ttyweb/ai/conversation_parser.go:231.4,232.27 2 1
ttyweb/ai/conversation_parser.go:232.27,233.50 1 1
ttyweb/ai/conversation_parser.go:233.50,235.6 1 1
ttyweb/ai/conversation_parser.go:238.3,238.35 1 1
ttyweb/ai/conversation_parser.go:239.22,240.41 1 1
ttyweb/ai/conversation_parser.go:240.41,242.4 1 0
ttyweb/ai/conversation_parser.go:243.3,243.46 1 1
ttyweb/ai/conversation_parser.go:243.46,245.4 1 1
ttyweb/ai/conversation_parser.go:246.3,247.19 2 1
ttyweb/ai/conversation_parser.go:248.10,249.12 1 1
ttyweb/ai/conversation_parser.go:255.77,257.16 2 1
ttyweb/ai/conversation_parser.go:257.16,259.3 1 1
ttyweb/ai/conversation_parser.go:260.2,260.15 1 1
ttyweb/ai/conversation_parser.go:260.15,260.35 1 1
ttyweb/ai/conversation_parser.go:262.2,263.21 2 1
ttyweb/ai/conversation_parser.go:263.21,265.17 2 1
ttyweb/ai/conversation_parser.go:265.17,266.12 1 0
ttyweb/ai/conversation_parser.go:269.3,274.62 2 1
ttyweb/ai/conversation_parser.go:274.62,275.12 1 1
ttyweb/ai/conversation_parser.go:278.3,280.32 2 1
ttyweb/ai/conversation_parser.go:280.32,281.12 1 1
ttyweb/ai/conversation_parser.go:284.3,285.65 2 1
ttyweb/ai/conversation_parser.go:285.65,286.12 1 1
ttyweb/ai/conversation_parser.go:289.3,289.56 1 1
ttyweb/ai/conversation_parser.go:289.56,291.4 1 1
ttyweb/ai/conversation_parser.go:294.2,294.38 1 1
ttyweb/ai/conversation_parser.go:294.38,296.3 1 0
ttyweb/ai/conversation_parser.go:297.2,297.22 1 1
ttyweb/ai/conversation_parser.go:308.92,309.25 1 1
ttyweb/ai/conversation_parser.go:310.22,311.28 1 1
ttyweb/ai/conversation_parser.go:311.28,313.4 1 1
ttyweb/ai/conversation_parser.go:314.3,314.90 1 1
ttyweb/ai/conversation_parser.go:315.23,316.28 1 1
ttyweb/ai/conversation_parser.go:316.28,318.4 1 1
ttyweb/ai/conversation_parser.go:319.3,319.95 1 1
ttyweb/ai/conversation_parser.go:320.25,321.25 1 1
ttyweb/ai/conversation_parser.go:321.25,323.4 1 1
ttyweb/ai/conversation_parser.go:324.3,324.92 1 1
ttyweb/ai/conversation_parser.go:325.10,326.38 1 1
ttyweb/ai/detector.go:24.40,26.2 1 1
ttyweb/ai/detector.go:29.45,30.11 1 1
ttyweb/ai/detector.go:31.31,32.23 1 1
ttyweb/ai/detector.go:33.26,34.24 1 1
ttyweb/ai/detector.go:35.29,36.21 1 1
ttyweb/ai/detector.go:37.27,38.18 1 1
ttyweb/ai/detector.go:39.27,40.18 1 1
ttyweb/ai/detector.go:41.28,42.12 1 1
ttyweb/ai/detector.go:43.10,44.19 1 1
ttyweb/ai/detector.go:102.60,103.19 1 1
ttyweb/ai/detector.go:103.19,105.3 1 1
ttyweb/ai/detector.go:107.2,110.38 3 1
ttyweb/ai/detector.go:110.38,111.41 1 1
ttyweb/ai/detector.go:111.41,112.45 1 1
ttyweb/ai/detector.go:112.45,114.5 1 1
ttyweb/ai/detector.go:118.2,118.36 1 1
ttyweb/ai/interceptor.go:36.60,54.2 1 1
ttyweb/ai/interceptor.go:57.69,58.20 1 1
ttyweb/ai/interceptor.go:58.20,60.3 1 1
ttyweb/ai/interceptor.go:61.2,64.32 3 1
ttyweb/ai/interceptor.go:64.32,65.39 1 1
ttyweb/ai/interceptor.go:65.39,70.9 2 1
ttyweb/ai/interceptor.go:75.2,75.28 1 1
ttyweb/ai/interceptor.go:75.28,76.34 1 1
ttyweb/ai/interceptor.go:76.34,78.27 2 1
ttyweb/ai/interceptor.go:79.19,80.31 1 1
ttyweb/ai/interceptor.go:81.16,82.32 1 1
ttyweb/ai/interceptor.go:84.4,84.17 1 1
ttyweb/ai/interceptor.go:89.2,93.36 4 1
ttyweb/ai/interceptor.go:93.36,95.47 2 1
ttyweb/ai/interceptor.go:95.47,100.4 1 1
ttyweb/ai/interceptor.go:103.2,103.16 1 1
ttyweb/ai/interceptor.go:108.44,113.38 2 1
ttyweb/ai/interceptor.go:113.38,114.38 1 1
ttyweb/ai/interceptor.go:114.38,116.4 1 1
ttyweb/ai/interceptor.go:118.2,118.14 1 1
ttyweb/ai/interceptor.go:123.44,125.26 2 1
ttyweb/ai/interceptor.go:125.26,127.3 1 1
ttyweb/ai/interceptor.go:128.2,128.42 1 1
ttyweb/ai/log_watcher.go:45.76,46.19 1 1
ttyweb/ai/log_watcher.go:46.19,48.3 1 1
ttyweb/ai/log_watcher.go:50.2,56.3 1 1
ttyweb/ai/log_watcher.go:61.50,72.2 7 1
ttyweb/ai/log_watcher.go:76.29,78.15 2 1
ttyweb/ai/log_watcher.go:78.15,81.3 2 1
ttyweb/ai/log_watcher.go:82.2,84.21 3 1
ttyweb/ai/log_watcher.go:84.21,87.3 2 1
ttyweb/ai/log_watcher.go:88.2,90.16 2 1
ttyweb/ai/log_watcher.go:90.16,92.3 1 1
ttyweb/ai/log_watcher.go:94.2,94.17 1 1
ttyweb/ai/log_watcher.go:98.52,107.6 5 1
ttyweb/ai/log_watcher.go:107.6,108.10 1 1
ttyweb/ai/log_watcher.go:109.21,110.10 1 1
ttyweb/ai/log_watcher.go:111.19,112.12 1 1
ttyweb/ai/log_watcher.go:118.29,119.25 1 1
ttyweb/ai/log_watcher.go:119.25,121.3 1 1
ttyweb/ai/log_watcher.go:122.2,122.15 1 1
ttyweb/ai/log_watcher.go:125.35,127.16 2 1
ttyweb/ai/log_watcher.go:127.16,129.3 1 0
ttyweb/ai/log_watcher.go:130.2,130.35 1 1
ttyweb/ai/log_watcher.go:133.34,135.16 2 1
ttyweb/ai/log_watcher.go:135.16,137.3 1 0
ttyweb/ai/log_watcher.go:138.2,138.59 1 1
ttyweb/ai/log_watcher.go:145.84,150.25 4 1
ttyweb/ai/log_watcher.go:150.25,156.14 5 1
ttyweb/ai/log_watcher.go:156.14,158.4 1 1
ttyweb/ai/log_watcher.go:158.9,158.94 1 1
ttyweb/ai/log_watcher.go:158.94,160.4 1 1
ttyweb/ai/log_watcher.go:164.2,164.42 1 1
ttyweb/ai/log_watcher.go:164.42,165.50 1 1
ttyweb/ai/log_watcher.go:165.50,166.61 1 1
ttyweb/ai/log_watcher.go:166.61,169.5 2 1
ttyweb/ai/log_watcher.go:173.2,173.45 1 1
ttyweb/ai/log_watcher.go:173.45,176.3 2 1
ttyweb/ai/log_watcher.go:181.78,182.9 1 1
ttyweb/ai/log_watcher.go:187.4,187.4 0 1
ttyweb/ai/log_watcher.go:188.10,188.10 0 0
ttyweb/ai/log_watcher.go:193.46,198.37 4 1
ttyweb/ai/log_watcher.go:198.37,200.3 1 1
ttyweb/ai/log_watcher.go:201.2,201.15 1 1
ttyweb/ai/roles.go:15.28,122.2 1 1
ttyweb/ai/roles.go:129.23,132.26 3 1
ttyweb/ai/roles.go:132.26,134.3 1 1
ttyweb/ai/roles.go:139.31,142.9 3 1
ttyweb/ai/roles.go:142.9,144.3 1 1
ttyweb/ai/roles.go:145.2,145.11 1 1
ttyweb/ai/roles.go:149.38,151.14 2 1
ttyweb/ai/roles.go:151.14,153.3 1 1
ttyweb/ai/roles.go:154.2,154.30 1 1
ttyweb/ai/session_scanner.go:31.44,39.25 5 1
ttyweb/ai/session_scanner.go:39.25,40.10 1 1
ttyweb/ai/session_scanner.go:41.29,42.25 1 1
ttyweb/ai/session_scanner.go:43.16,44.25 1 0
ttyweb/ai/session_scanner.go:45.11,46.23 1 1
ttyweb/ai/session_scanner.go:50.2,50.24 1 1
ttyweb/ai/session_scanner.go:54.49,56.16 2 1
ttyweb/ai/session_scanner.go:56.16,58.3 1 0
ttyweb/ai/session_scanner.go:59.2,59.42 1 1
ttyweb/ai/session_scanner.go:63.42,65.2 1 1
ttyweb/ai/session_scanner.go:68.41,70.2 1 1
ttyweb/ai/session_scanner.go:74.45,76.16 2 1
ttyweb/ai/session_scanner.go:76.16,78.3 1 0
ttyweb/ai/session_scanner.go:80.2,81.24 2 1
ttyweb/ai/session_scanner.go:81.24,83.3 1 1
ttyweb/ai/session_scanner.go:84.2,84.16 1 1
ttyweb/ai/session_scanner.go:84.16,86.3 1 0
ttyweb/ai/session_scanner.go:88.2,89.32 2 1
ttyweb/ai/session_scanner.go:89.32,90.21 1 1
ttyweb/ai/session_scanner.go:90.21,91.12 1 1
ttyweb/ai/session_scanner.go:93.3,93.44 1 1
ttyweb/ai/session_scanner.go:95.2,96.22 2 1
ttyweb/ai/session_scanner.go:101.64,103.16 2 1
ttyweb/ai/session_scanner.go:103.16,105.3 1 0
ttyweb/ai/session_scanner.go:107.2,111.24 4 1
ttyweb/ai/session_scanner.go:111.24,113.3 1 1
ttyweb/ai/session_scanner.go:114.2,114.16 1 1
ttyweb/ai/session_scanner.go:114.16,116.3 1 0
ttyweb/ai/session_scanner.go:118.2,119.32 2 1
ttyweb/ai/session_scanner.go:119.32,120.20 1 1
ttyweb/ai/session_scanner.go:120.20,121.12 1 1
ttyweb/ai/session_scanner.go:123.3,125.78 2 1
ttyweb/ai/session_scanner.go:125.78,126.12 1 1
ttyweb/ai/session_scanner.go:129.3,131.17 3 1
ttyweb/ai/session_scanner.go:131.17,132.12 1 0
ttyweb/ai/session_scanner.go:135.3,144.39 3 1
ttyweb/ai/session_scanner.go:147.2,147.43 1 1
ttyweb/ai/session_scanner.go:147.43,149.3 1 1
ttyweb/ai/session_scanner.go:151.2,151.22 1 1
ttyweb/ai/session_scanner.go:156.45,158.16 2 1
ttyweb/ai/session_scanner.go:158.16,160.3 1 0
ttyweb/ai/session_scanner.go:163.2,167.24 4 1
ttyweb/ai/session_scanner.go:167.24,169.3 1 1
ttyweb/ai/session_scanner.go:170.2,170.16 1 1
ttyweb/ai/session_scanner.go:170.16,172.3 1 0
ttyweb/ai/session_scanner.go:174.2,175.37 2 1
ttyweb/ai/session_scanner.go:175.37,176.20 1 1
ttyweb/ai/session_scanner.go:176.20,177.12 1 1
ttyweb/ai/session_scanner.go:179.3,180.81 2 1
ttyweb/ai/session_scanner.go:180.81,181.12 1 1
ttyweb/ai/session_scanner.go:184.3,186.17 3 1
ttyweb/ai/session_scanner.go:186.17,187.12 1 0
ttyweb/ai/session_scanner.go:190.3,191.22 2 1
ttyweb/ai/session_scanner.go:191.22,192.12 1 1
ttyweb/ai/session_scanner.go:195.3,202.39 2 1
ttyweb/ai/session_scanner.go:206.2,206.43 1 1
ttyweb/ai/session_scanner.go:206.43,208.3 1 0
ttyweb/ai/session_scanner.go:210.2,210.22 1 1
ttyweb/ai/session_scanner.go:215.52,220.20 4 1
ttyweb/ai/session_scanner.go:220.20,222.3 1 1
ttyweb/ai/session_scanner.go:224.2,225.37 2 1
ttyweb/ai/state_machine.go:29.38,33.2 1 1
ttyweb/ai/state_machine.go:36.53,39.37 3 1
ttyweb/ai/state_machine.go:39.37,41.3 1 1
ttyweb/ai/state_machine.go:42.2,42.23 1 1
ttyweb/ai/state_machine.go:46.70,49.13 3 1
ttyweb/ai/state_machine.go:49.13,51.3 1 1
ttyweb/ai/state_machine.go:52.2,52.21 1 1
ttyweb/ai/state_machine.go:52.21,55.3 2 1
ttyweb/ai/state_machine.go:56.2,61.29 5 1
ttyweb/ai/state_machine.go:61.29,63.3 1 1
ttyweb/ai/state_machine.go:67.67,71.2 3 1
ttyweb/ai/state_machine.go:74.56,78.30 4 1
ttyweb/ai/state_machine.go:78.30,80.3 1 1
ttyweb/ai/state_machine.go:81.2,81.15 1 1
ttyweb/ai/stream.go:66.9,79.16 4 1
ttyweb/ai/stream.go:79.16,81.3 1 0
ttyweb/ai/stream.go:83.2,84.16 2 1
ttyweb/ai/stream.go:84.16,86.3 1 0
ttyweb/ai/stream.go:88.2,89.18 2 1
ttyweb/ai/stream.go:89.18,91.3 1 1
ttyweb/ai/stream.go:93.2,94.16 2 1
ttyweb/ai/stream.go:94.16,96.3 1 1
ttyweb/ai/stream.go:98.2,98.38 1 1
ttyweb/ai/stream.go:98.38,102.3 3 1
ttyweb/ai/stream.go:104.2,104.51 1 1
ttyweb/ai/stream.go:108.99,109.15 1 1
ttyweb/ai/stream.go:109.15,109.35 1 1
ttyweb/ai/stream.go:110.2,112.6 2 1
ttyweb/ai/stream.go:112.6,113.35 1 1
ttyweb/ai/stream.go:113.35,115.4 1 0
ttyweb/ai/stream.go:117.3,118.17 2 1
ttyweb/ai/stream.go:118.17,119.21 1 0
ttyweb/ai/stream.go:119.21,121.5 1 0
ttyweb/ai/stream.go:122.4,122.55 1 0
ttyweb/ai/stream.go:125.3,126.55 2 1
ttyweb/ai/stream.go:126.55,127.12 1 1
ttyweb/ai/stream.go:130.3,132.23 2 1
ttyweb/ai/stream.go:132.23,134.4 1 1
ttyweb/ai/stream.go:136.3,136.53 1 1
ttyweb/ai/stream.go:136.53,138.4 1 1
ttyweb/ai/stream.go:143.41,145.59 2 1
ttyweb/ai/stream.go:145.59,147.3 1 1
ttyweb/ai/stream.go:148.2,148.26 1 1
ttyweb/ai/stream.go:148.26,150.3 1 1
ttyweb/ai/stream.go:151.2,151.11 1 1
ttyweb/ai/xunfei.go:31.43,33.2 1 1
ttyweb/ai/xunfei.go:44.41,50.2 1 1
ttyweb/ai/xunfei.go:68.59,69.28 1 1
ttyweb/ai/xunfei.go:69.28,71.3 1 1
ttyweb/ai/xunfei.go:73.2,97.24 9 1
ttyweb/ai/xunfei.go:137.103,138.28 1 1
ttyweb/ai/xunfei.go:138.28,140.3 1 1
ttyweb/ai/xunfei.go:142.2,155.27 2 1
ttyweb/ai/xunfei.go:155.27,157.3 1 1
ttyweb/ai/xunfei.go:159.2,176.16 3 1
ttyweb/ai/xunfei.go:176.16,178.3 1 0
ttyweb/ai/xunfei.go:179.2,179.18 1 1
ttyweb/ai/xunfei.go:184.62,198.16 3 1
ttyweb/ai/xunfei.go:198.16,200.3 1 0
ttyweb/ai/xunfei.go:201.2,201.18 1 1
ttyweb/ai/xunfei.go:206.46,219.16 3 1
ttyweb/ai/xunfei.go:219.16,221.3 1 0
ttyweb/ai/xunfei.go:222.2,222.18 1 1
ttyweb/ai/xunfei.go:269.54,271.52 2 1
ttyweb/ai/xunfei.go:271.52,273.3 1 1
ttyweb/ai/xunfei.go:275.2,275.27 1 1
ttyweb/ai/xunfei.go:275.27,277.3 1 1
ttyweb/ai/xunfei.go:279.2,283.89 2 1
ttyweb/ai/xunfei.go:283.89,285.3 1 1
ttyweb/ai/xunfei.go:287.2,288.16 2 1
ttyweb/ai/xunfei.go:288.16,290.3 1 1
ttyweb/ai/xunfei.go:292.2,293.59 2 1
ttyweb/ai/xunfei.go:293.59,295.3 1 1
ttyweb/ai/xunfei.go:297.2,298.35 2 1
ttyweb/ai/xunfei.go:298.35,299.30 1 1
ttyweb/ai/xunfei.go:299.30,301.4 1 1
ttyweb/ai/xunfei.go:304.2,310.27 6 1
ttyweb/ai/xunfei.go:310.27,312.3 1 1
ttyweb/ai/xunfei.go:314.2,314.20 1 1
ttyweb/ai/xunfei.go:319.45,325.2 1 1
ttyweb/service/ai_session.go:34.60,36.24 2 1
ttyweb/service/ai_session.go:36.24,38.3 1 1
ttyweb/service/ai_session.go:39.2,53.3 1 1
ttyweb/service/ai_session.go:72.42,78.2 1 1
ttyweb/service/ai_session.go:81.70,85.27 3 1
ttyweb/service/ai_session.go:85.27,87.79 2 1
ttyweb/service/ai_session.go:87.79,91.4 3 1
ttyweb/service/ai_session.go:94.2,97.15 4 1
ttyweb/service/ai_session.go:101.69,106.27 4 1
ttyweb/service/ai_session.go:106.27,108.56 2 1
ttyweb/service/ai_session.go:108.56,109.12 1 1
ttyweb/service/ai_session.go:111.3,111.34 1 1
ttyweb/service/ai_session.go:114.2,114.43 1 1
ttyweb/service/ai_session.go:114.43,117.29 3 1
ttyweb/service/ai_session.go:117.29,119.4 1 1
ttyweb/service/ai_session.go:120.3,120.16 1 1
ttyweb/service/ai_session.go:120.16,122.4 1 1
ttyweb/service/ai_session.go:123.3,123.16 1 1
ttyweb/service/ai_session.go:123.16,125.4 1 1
ttyweb/service/ai_session.go:126.3,126.74 1 1
ttyweb/service/ai_session.go:129.2,129.17 1 1
ttyweb/service/ai_session.go:133.66,137.27 3 1
ttyweb/service/ai_session.go:137.27,138.28 1 1
ttyweb/service/ai_session.go:138.28,140.4 1 1
ttyweb/service/ai_session.go:142.2,142.33 1 1
ttyweb/service/ai_session.go:146.80,152.27 5 1
ttyweb/service/ai_session.go:152.27,153.43 1 1
ttyweb/service/ai_session.go:153.43,155.4 1 1
ttyweb/service/ai_session.go:155.9,157.4 1 1
ttyweb/service/ai_session.go:159.2,160.16 2 1
ttyweb/service/ai_session.go:164.39,166.2 1 1
ttyweb/service/ai_session.go:171.70,173.16 2 1
ttyweb/service/ai_session.go:173.16,175.3 1 0
ttyweb/service/ai_session.go:176.2,178.32 2 1
ttyweb/service/ai_session.go:178.32,179.66 1 1
ttyweb/service/ai_session.go:179.66,180.12 1 1
ttyweb/service/ai_session.go:182.3,183.17 2 1
ttyweb/service/ai_session.go:183.17,184.12 1 0
ttyweb/service/ai_session.go:186.3,186.35 1 1
ttyweb/service/ai_session.go:186.35,187.12 1 1
ttyweb/service/ai_session.go:189.3,195.16 3 1
ttyweb/service/ai_session.go:201.61,206.9 4 1
ttyweb/service/ai_session.go:206.9,208.3 1 1
ttyweb/service/ai_session.go:209.2,210.16 2 1
ttyweb/service/ai_session.go:210.16,212.3 1 1
ttyweb/service/ai_session.go:213.2,213.73 1 1
ttyweb/service/ai_session.go:222.46,226.2 1 1
ttyweb/service/ai_session.go:229.54,231.2 1 1
ttyweb/service/ai_session.go:234.80,236.2 1 1
ttyweb/service/ai_session.go:239.73,241.2 1 1
ttyweb/service/ai_session.go:244.88,246.9 2 1
ttyweb/service/ai_session.go:246.9,248.3 1 1
ttyweb/service/ai_session.go:250.2,250.21 1 1
ttyweb/service/ai_session.go:251.42,253.17 2 1
ttyweb/service/ai_session.go:253.17,255.4 1 1
ttyweb/service/ai_session.go:256.3,256.19 1 1
ttyweb/service/ai_session.go:257.37,259.17 2 1
ttyweb/service/ai_session.go:259.17,261.4 1 0
ttyweb/service/ai_session.go:262.3,262.19 1 1
ttyweb/service/ai_session.go:263.10,264.18 1 1
ttyweb/service/ai_session.go:269.87,271.9 2 1
ttyweb/service/ai_session.go:271.9,273.3 1 1
ttyweb/service/ai_session.go:276.2,277.16 2 1
ttyweb/service/ai_session.go:277.16,279.3 1 0
ttyweb/service/ai_session.go:280.2,280.23 1 1
ttyweb/service/ai_session.go:280.23,282.3 1 0
ttyweb/service/ai_session.go:284.2,284.32 1 1
ttyweb/service/ai_session.go:288.57,292.29 3 1
ttyweb/service/ai_session.go:292.29,294.3 1 1
ttyweb/service/ai_session.go:296.2,296.47 1 1
ttyweb/service/ai_session.go:300.37,304.16 3 1
ttyweb/service/ai_session.go:304.16,305.36 1 1
ttyweb/service/ai_session.go:305.36,307.22 2 1
ttyweb/service/ai_session.go:307.22,309.5 1 1
ttyweb/service/ai_session.go:313.2,314.16 2 1
ttyweb/service/ai_session.go:314.16,316.3 1 1
ttyweb/service/ai_session.go:318.2,318.20 1 1
ttyweb/service/ai_session.go:323.67,325.29 2 1
ttyweb/service/ai_session.go:325.29,326.42 1 1
ttyweb/service/ai_session.go:326.42,328.4 1 0
ttyweb/service/ai_session.go:330.2,330.17 1 1
ttyweb/service/cache.go:23.63,28.2 1 1
ttyweb/service/cache.go:31.52,35.46 4 1
ttyweb/service/cache.go:35.46,38.3 2 1
ttyweb/service/cache.go:39.2,39.26 1 1
ttyweb/service/cache.go:43.51,45.2 1 1
ttyweb/service/cache.go:48.77,55.2 3 1
ttyweb/service/cache.go:58.45,62.2 3 1
ttyweb/service/cache.go:65.34,69.2 3 1
ttyweb/service/cache.go:72.36,76.2 3 1
ttyweb/service/cache.go:79.40,84.36 5 1
ttyweb/service/cache.go:84.36,85.33 1 1
ttyweb/service/cache.go:85.33,88.4 2 1
ttyweb/service/cache.go:90.2,90.14 1 1
ttyweb/service/commit_message.go:33.72,34.59 1 1
ttyweb/service/commit_message.go:34.59,36.3 1 1
ttyweb/service/commit_message.go:37.2,39.3 1 1
ttyweb/service/commit_message.go:44.104,46.16 2 1
ttyweb/service/commit_message.go:46.16,48.3 1 1
ttyweb/service/commit_message.go:49.2,49.21 1 1
ttyweb/service/commit_message.go:49.21,51.3 1 1
ttyweb/service/commit_message.go:53.2,55.16 3 1
ttyweb/service/commit_message.go:55.16,57.3 1 1
ttyweb/service/commit_message.go:59.2,59.40 1 1
ttyweb/service/commit_message.go:63.44,65.2 1 1
ttyweb/service/helpers.go:9.35,11.40 2 1
ttyweb/service/helpers.go:11.40,13.3 1 0
ttyweb/service/helpers.go:14.2,14.34 1 1
ttyweb/service/notepad.go:13.13,15.2 1 1
ttyweb/service/notepad.go:32.35,34.2 1 1
ttyweb/service/notepad.go:51.42,52.35 1 1
ttyweb/service/notepad.go:52.35,54.3 1 1
ttyweb/service/notepad.go:58.47,59.35 1 1
ttyweb/service/notepad.go:59.35,61.3 1 1
ttyweb/service/notepad.go:70.53,72.2 1 1
ttyweb/service/notepad.go:76.94,77.16 1 1
ttyweb/service/notepad.go:77.16,79.3 1 1
ttyweb/service/notepad.go:81.2,82.27 2 1
ttyweb/service/notepad.go:82.27,84.3 1 1
ttyweb/service/notepad.go:86.2,87.16 2 1
ttyweb/service/notepad.go:87.16,89.3 1 0
ttyweb/service/notepad.go:91.2,100.25 3 1
ttyweb/service/notepad.go:100.25,102.3 1 0
ttyweb/service/notepad.go:104.2,104.19 1 1
ttyweb/service/notepad.go:109.71,113.22 3 1
ttyweb/service/notepad.go:113.22,115.3 1 1
ttyweb/service/notepad.go:115.8,117.3 1 1
ttyweb/service/notepad.go:119.2,120.25 2 1
ttyweb/service/notepad.go:120.25,122.3 1 0
ttyweb/service/notepad.go:124.2,124.19 1 1
ttyweb/service/notepad.go:128.60,131.25 3 1
ttyweb/service/notepad.go:131.25,132.54 1 1
ttyweb/service/notepad.go:132.54,134.4 1 1
ttyweb/service/notepad.go:135.3,135.65 1 0
ttyweb/service/notepad.go:137.2,137.19 1 1
ttyweb/service/notepad.go:141.94,143.16 2 1
ttyweb/service/notepad.go:143.16,145.3 1 1
ttyweb/service/notepad.go:147.2,148.17 2 1
ttyweb/service/notepad.go:148.17,149.18 1 1
ttyweb/service/notepad.go:149.18,151.4 1 1
ttyweb/service/notepad.go:152.3,152.26 1 1
ttyweb/service/notepad.go:154.2,154.20 1 1
ttyweb/service/notepad.go:154.20,156.3 1 1
ttyweb/service/notepad.go:158.2,158.23 1 1
ttyweb/service/notepad.go:158.23,160.3 1 1
ttyweb/service/notepad.go:162.2,163.25 2 1
ttyweb/service/notepad.go:163.25,165.3 1 0
ttyweb/service/notepad.go:168.2,168.22 1 1
ttyweb/service/notepad.go:172.51,174.25 2 1
ttyweb/service/notepad.go:174.25,176.3 1 0
ttyweb/service/notepad.go:177.2,177.30 1 1
ttyweb/service/notepad.go:177.30,179.3 1 1
ttyweb/service/notepad.go:180.2,180.12 1 1
ttyweb/service/notepad.go:184.66,185.24 1 1
ttyweb/service/notepad.go:185.24,187.3 1 1
ttyweb/service/notepad.go:189.2,189.50 1 1
ttyweb/service/notepad.go:189.50,190.30 1 1
ttyweb/service/notepad.go:190.30,194.27 2 1
ttyweb/service/notepad.go:194.27,196.5 1 0
ttyweb/service/notepad.go:197.4,197.32 1 1
ttyweb/service/notepad.go:197.32,199.5 1 1
ttyweb/service/notepad.go:201.3,201.13 1 1
ttyweb/service/notepad.go:203.2,203.16 1 1
ttyweb/service/notepad.go:203.16,205.3 1 1
ttyweb/service/notepad.go:206.2,206.12 1 1
ttyweb/service/persist_service.go:18.59,20.2 1 1
ttyweb/service/persist_service.go:25.90,27.25 2 1
ttyweb/service/persist_service.go:27.25,29.3 1 1
ttyweb/service/persist_service.go:30.2,30.21 1 1
ttyweb/service/persist_service.go:34.68,37.25 3 1
ttyweb/service/persist_service.go:37.25,39.3 1 0
ttyweb/service/persist_service.go:40.2,40.22 1 1
ttyweb/service/persist_service.go:44.71,47.25 3 1
ttyweb/service/persist_service.go:47.25,49.3 1 1
ttyweb/service/persist_service.go:50.2,50.21 1 1
ttyweb/service/persist_service.go:54.99,56.56 2 1
ttyweb/service/persist_service.go:56.56,58.3 1 1
ttyweb/service/persist_service.go:60.2,64.51 4 1
ttyweb/service/persist_service.go:64.51,66.3 1 0
ttyweb/service/persist_service.go:67.2,67.22 1 1
ttyweb/service/persist_service.go:71.55,73.25 2 1
ttyweb/service/persist_service.go:73.25,75.3 1 0
ttyweb/service/persist_service.go:76.2,76.30 1 1
ttyweb/service/persist_service.go:76.30,78.3 1 1
ttyweb/service/persist_service.go:79.2,79.12 1 1
ttyweb/service/persist_service.go:84.68,86.2 1 1
ttyweb/service/persist_service.go:91.82,93.25 2 1
ttyweb/service/persist_service.go:93.25,95.3 1 0
ttyweb/service/persist_service.go:96.2,96.19 1 1
ttyweb/service/persist_service.go:100.64,103.25 3 1
ttyweb/service/persist_service.go:103.25,105.3 1 0
ttyweb/service/persist_service.go:106.2,106.20 1 1
ttyweb/service/persist_service.go:111.90,116.25 3 1
ttyweb/service/persist_service.go:116.25,118.3 1 0
ttyweb/service/persist_service.go:119.2,119.20 1 1
ttyweb/service/persist_service.go:123.67,126.25 3 1
ttyweb/service/persist_service.go:126.25,128.3 1 1
ttyweb/service/persist_service.go:129.2,129.19 1 1
ttyweb/service/persist_service.go:133.91,135.56 2 1
ttyweb/service/persist_service.go:135.56,137.3 1 1
ttyweb/service/persist_service.go:139.2,143.51 4 1
ttyweb/service/persist_service.go:143.51,145.3 1 0
ttyweb/service/persist_service.go:146.2,146.22 1 1
ttyweb/service/persist_service.go:150.53,152.25 2 1
ttyweb/service/persist_service.go:152.25,154.3 1 0
ttyweb/service/persist_service.go:155.2,155.30 1 1
ttyweb/service/persist_service.go:155.30,157.3 1 1
ttyweb/service/persist_service.go:158.2,158.12 1 1
ttyweb/service/persist_service.go:163.64,165.2 1 1
ttyweb/service/persist_service.go:170.90,172.25 2 1
ttyweb/service/persist_service.go:172.25,174.3 1 0
ttyweb/service/persist_service.go:175.2,175.21 1 1
ttyweb/service/persist_service.go:179.68,182.25 3 1
ttyweb/service/persist_service.go:182.25,184.3 1 0
ttyweb/service/persist_service.go:185.2,185.22 1 1
ttyweb/service/persist_service.go:189.71,192.25 3 1
ttyweb/service/persist_service.go:192.25,194.3 1 1
ttyweb/service/persist_service.go:195.2,195.21 1 1
ttyweb/service/persist_service.go:199.99,201.56 2 1
ttyweb/service/persist_service.go:201.56,203.3 1 1
ttyweb/service/persist_service.go:205.2,209.51 4 1
ttyweb/service/persist_service.go:209.51,211.3 1 0
ttyweb/service/persist_service.go:212.2,212.22 1 1
ttyweb/service/persist_service.go:216.55,218.25 2 1
ttyweb/service/persist_service.go:218.25,220.3 1 0
ttyweb/service/persist_service.go:221.2,221.30 1 1
ttyweb/service/persist_service.go:221.30,223.3 1 1
ttyweb/service/persist_service.go:224.2,224.12 1 1
ttyweb/service/persist_service.go:228.50,230.72 2 1
ttyweb/service/persist_service.go:230.72,232.3 1 0
ttyweb/service/persist_service.go:234.2,234.50 1 1
ttyweb/service/persist_service.go:234.50,235.31 1 1
ttyweb/service/persist_service.go:235.31,236.21 1 1
ttyweb/service/persist_service.go:236.21,240.28 2 1
ttyweb/service/persist_service.go:240.28,242.6 1 0
ttyweb/service/persist_service.go:245.3,245.13 1 1
ttyweb/service/persist_service.go:251.68,253.2 1 1
ttyweb/service/pr_checkout.go:17.48,19.2 1 1
ttyweb/service/pr_checkout.go:24.138,25.80 1 1
ttyweb/service/pr_checkout.go:25.80,27.3 1 1
ttyweb/service/pr_checkout.go:29.2,29.60 1 1
ttyweb/service/pr_checkout.go:29.60,31.17 2 1
ttyweb/service/pr_checkout.go:31.17,33.4 1 1
ttyweb/service/pr_checkout.go:34.3,34.22 1 1
ttyweb/service/pr_checkout.go:37.2,37.51 1 1
ttyweb/service/pr_checkout.go:37.51,39.3 1 1
ttyweb/service/pr_checkout.go:41.2,44.16 3 1
ttyweb/service/pr_checkout.go:44.16,46.3 1 1
ttyweb/service/pr_checkout.go:48.2,48.31 1 0
ttyweb/service/pr_checkout.go:48.31,50.3 1 0
ttyweb/service/pr_checkout.go:52.2,55.16 3 0
ttyweb/service/pr_checkout.go:55.16,57.3 1 0
ttyweb/service/pr_checkout.go:59.2,59.26 1 0
ttyweb/service/pr_checkout.go:63.86,64.39 1 1
ttyweb/service/pr_checkout.go:64.39,66.3 1 1
ttyweb/service/pr_checkout.go:67.2,67.19 1 1
ttyweb/service/pr_checkout.go:67.19,69.3 1 1
ttyweb/service/pr_checkout.go:70.2,70.42 1 1
ttyweb/service/pr_checkout.go:70.42,72.3 1 1
ttyweb/service/pr_checkout.go:73.2,73.12 1 1
ttyweb/service/pr_checkout.go:77.42,79.57 2 1
ttyweb/service/pr_checkout.go:79.57,81.3 1 1
ttyweb/service/pr_checkout.go:82.2,82.12 1 1
ttyweb/service/pr_checkout.go:87.61,88.45 1 1
ttyweb/service/pr_checkout.go:88.45,89.84 1 1
ttyweb/service/pr_checkout.go:89.84,91.4 1 1
ttyweb/service/pr_checkout.go:92.3,92.13 1 1
ttyweb/service/pr_checkout.go:95.2,100.15 3 1
ttyweb/service/project.go:19.13,21.2 1 1
ttyweb/service/project.go:36.59,38.19 2 1
ttyweb/service/project.go:38.19,40.3 1 1
ttyweb/service/project.go:41.2,41.26 1 1
ttyweb/service/project.go:41.26,43.3 1 1
ttyweb/service/project.go:44.2,44.23 1 1
ttyweb/service/project.go:44.23,46.3 1 1
ttyweb/service/project.go:47.2,47.31 1 1
ttyweb/service/project.go:47.31,49.3 1 1
ttyweb/service/project.go:50.2,50.16 1 1
ttyweb/service/project.go:69.35,71.2 1 1
ttyweb/service/project.go:86.49,87.26 1 1
ttyweb/service/project.go:87.26,89.3 1 1
ttyweb/service/project.go:93.53,94.26 1 1
ttyweb/service/project.go:94.26,96.3 1 1
ttyweb/service/project.go:100.54,101.26 1 1
ttyweb/service/project.go:101.26,103.3 1 1
[...]
ttyweb/server/event_bus.go:210.53,212.5 1 0
ttyweb/server/event_bus.go:213.4,213.19 1 1
ttyweb/server/event_bus.go:219.54,226.2 1 1
ttyweb/server/event_bus.go:232.34,235.2 2 1
ttyweb/server/handler_atomic.go:16.50,21.19 2 1
ttyweb/server/handler_atomic.go:21.19,23.3 1 1
ttyweb/server/handler_atomic.go:25.2,28.3 1 1
ttyweb/server/handler_atomic.go:31.40,35.26 3 1
ttyweb/server/handler_atomic.go:35.26,37.3 1 1
ttyweb/server/handler_atomic.go:38.2,41.28 3 1
ttyweb/server/handler_atomic.go:44.36,50.54 5 1
ttyweb/server/handler_atomic.go:50.54,52.3 1 1
ttyweb/server/handler_atomic.go:54.2,54.28 1 1
ttyweb/server/handler_atomic.go:57.37,62.2 3 1
ttyweb/server/handler_atomic.go:64.32,66.2 1 1
ttyweb/server/handler_atomic.go:68.45,70.2 1 1
ttyweb/server/handlers.go:23.123,26.12 2 1
ttyweb/server/handlers.go:26.12,27.10 1 1
ttyweb/server/handlers.go:28.28,29.12 1 0
ttyweb/server/handlers.go:30.21,30.21 0 1
ttyweb/server/handlers.go:34.2,34.54 1 1
ttyweb/server/handlers.go:34.54,35.26 1 1
ttyweb/server/handlers.go:35.26,37.16 2 1
ttyweb/server/handlers.go:37.16,40.5 2 1
ttyweb/server/handlers.go:43.3,46.16 3 1
ttyweb/server/handlers.go:46.16,53.27 3 1
ttyweb/server/handlers.go:53.27,55.5 1 1
ttyweb/server/handlers.go:58.3,58.47 1 1
ttyweb/server/handlers.go:58.47,59.42 1 1
ttyweb/server/handlers.go:59.42,63.5 3 1
ttyweb/server/handlers.go:66.3,68.33 2 1
ttyweb/server/handlers.go:68.33,71.4 2 1
ttyweb/server/handlers.go:73.3,74.17 2 1
ttyweb/server/handlers.go:74.17,77.4 2 0
ttyweb/server/handlers.go:78.3,78.16 1 1
ttyweb/server/handlers.go:78.16,78.36 1 1
ttyweb/server/handlers.go:80.3,81.33 2 1
ttyweb/server/handlers.go:81.33,83.4 1 1
ttyweb/server/handlers.go:84.3,86.65 2 1
ttyweb/server/handlers.go:90.115,92.16 2 1
ttyweb/server/handlers.go:92.16,94.3 1 1
ttyweb/server/handlers.go:96.2,97.16 2 1
ttyweb/server/handlers.go:97.16,99.3 1 1
ttyweb/server/handlers.go:101.2,102.16 2 1
ttyweb/server/handlers.go:102.16,104.3 1 1
ttyweb/server/handlers.go:105.2,105.15 1 1
ttyweb/server/handlers.go:105.15,105.36 1 1
ttyweb/server/handlers.go:107.2,108.16 2 1
ttyweb/server/handlers.go:108.16,110.3 1 0
ttyweb/server/handlers.go:112.2,116.44 3 1
ttyweb/server/handlers.go:116.44,117.20 1 0
ttyweb/server/handlers.go:117.20,119.4 1 0
ttyweb/server/handlers.go:119.9,121.4 1 0
ttyweb/server/handlers.go:123.2,123.19 1 1
ttyweb/server/handlers.go:123.19,125.3 1 1
ttyweb/server/handlers.go:127.2,135.16 4 1
ttyweb/server/handlers.go:135.16,137.3 1 0
ttyweb/server/handlers.go:139.2,140.16 2 1
ttyweb/server/handlers.go:140.16,142.3 1 1
ttyweb/server/handlers.go:143.2,143.12 1 0
ttyweb/server/handlers.go:147.82,149.16 2 1
ttyweb/server/handlers.go:149.16,151.3 1 1
ttyweb/server/handlers.go:152.2,152.34 1 1
ttyweb/server/handlers.go:152.34,154.3 1 1
ttyweb/server/handlers.go:156.2,157.56 2 1
ttyweb/server/handlers.go:157.56,159.3 1 1
ttyweb/server/handlers.go:160.2,160.96 1 1
ttyweb/server/handlers.go:160.96,162.3 1 1
ttyweb/server/handlers.go:164.2,164.19 1 1
ttyweb/server/handlers.go:168.81,170.60 2 1
ttyweb/server/handlers.go:170.60,172.3 1 1
ttyweb/server/handlers.go:174.2,175.16 2 1
ttyweb/server/handlers.go:175.16,177.3 1 0
ttyweb/server/handlers.go:178.2,180.53 2 1
ttyweb/server/handlers.go:180.53,181.55 1 1
ttyweb/server/handlers.go:181.55,183.4 1 1
ttyweb/server/handlers.go:185.2,185.44 1 1
ttyweb/server/handlers.go:185.44,186.47 1 1
ttyweb/server/handlers.go:186.47,188.4 1 1
ttyweb/server/handlers.go:191.2,191.20 1 1
ttyweb/server/handlers.go:195.93,206.16 2 1
ttyweb/server/handlers.go:206.16,209.3 2 0
ttyweb/server/handlers.go:211.2,212.74 2 1
ttyweb/server/handlers.go:212.74,214.3 1 0
ttyweb/server/handlers.go:215.2,215.22 1 1
ttyweb/server/handlers.go:219.67,221.32 2 1
ttyweb/server/handlers.go:221.32,223.3 1 1
ttyweb/server/handlers.go:224.2,224.36 1 1
ttyweb/server/handlers.go:224.36,226.3 1 1
ttyweb/server/handlers.go:227.2,227.30 1 1
ttyweb/server/handlers.go:227.30,229.3 1 1
ttyweb/server/handlers.go:230.2,230.31 1 1
ttyweb/server/handlers.go:230.31,232.3 1 1
ttyweb/server/handlers.go:233.2,233.13 1 1
ttyweb/server/handlers.go:237.65,238.13 1 1
ttyweb/server/handlers.go:239.11,240.24 1 1
ttyweb/server/handlers.go:241.24,242.23 1 1
ttyweb/server/handlers.go:243.29,244.21 1 1
ttyweb/server/handlers.go:245.30,246.18 1 1
ttyweb/server/handlers.go:247.10,248.42 1 1
ttyweb/server/handlers.go:252.68,255.2 2 1
ttyweb/server/handlers.go:259.107,262.29 2 1
ttyweb/server/handlers.go:262.29,264.10 2 1
ttyweb/server/handlers.go:264.10,266.4 1 1
ttyweb/server/handlers.go:267.3,267.30 1 1
ttyweb/server/handlers.go:267.30,269.4 1 1
ttyweb/server/handlers.go:273.2,273.29 1 1
ttyweb/server/handlers.go:273.29,275.3 1 1
ttyweb/server/handlers.go:277.2,277.23 1 1
ttyweb/server/handlers.go:290.69,292.29 2 1
ttyweb/server/handlers.go:292.29,293.34 1 1
ttyweb/server/handlers.go:293.34,294.49 1 1
ttyweb/server/handlers.go:294.49,296.5 1 1
ttyweb/server/handlers.go:299.2,299.17 1 1
ttyweb/server/handlers.go:304.57,305.61 1 1
ttyweb/server/handlers.go:305.61,306.30 1 1
ttyweb/server/handlers.go:306.30,322.4 3 1
ttyweb/server/handlers.go:324.3,324.56 1 1
ttyweb/server/handlers.go:324.56,334.4 2 1
ttyweb/server/list_address.go:7.43,9.16 2 1
ttyweb/server/list_address.go:9.16,11.3 1 0
ttyweb/server/list_address.go:13.2,15.31 2 1
ttyweb/server/list_address.go:15.31,17.34 2 1
ttyweb/server/list_address.go:17.34,18.30 1 1
ttyweb/server/list_address.go:19.20,20.49 1 1
ttyweb/server/list_address.go:21.21,22.49 1 0
ttyweb/server/list_address.go:27.2,27.18 1 1
ttyweb/server/log_response_writer.go:17.53,20.2 2 1
ttyweb/server/log_response_writer.go:23.75,27.16 4 1
ttyweb/server/log_response_writer.go:27.16,29.3 1 0
ttyweb/server/log_response_writer.go:30.2,30.22 1 1
ttyweb/server/middleware.go:11.62,12.71 1 1
ttyweb/server/middleware.go:12.71,16.3 3 1
ttyweb/server/middleware.go:19.63,20.71 1 1
ttyweb/server/middleware.go:20.71,27.3 6 1
ttyweb/server/middleware.go:30.84,31.71 1 1
ttyweb/server/middleware.go:31.71,34.62 2 1
ttyweb/server/middleware.go:34.62,38.4 3 1
ttyweb/server/middleware.go:40.3,41.17 2 1
ttyweb/server/middleware.go:41.17,44.4 2 1
ttyweb/server/middleware.go:46.3,46.67 1 1
ttyweb/server/middleware.go:46.67,50.4 3 1
ttyweb/server/middleware.go:52.3,53.26 2 1
ttyweb/server/options.go:44.42,45.55 1 1
ttyweb/server/options.go:45.55,47.3 1 1
ttyweb/server/options.go:48.2,48.12 1 1
ttyweb/server/ratelimit.go:26.65,34.2 3 1
ttyweb/server/ratelimit.go:37.41,40.21 3 1
ttyweb/server/ratelimit.go:40.21,43.34 3 0
ttyweb/server/ratelimit.go:43.34,44.66 1 0
ttyweb/server/ratelimit.go:44.66,46.5 1 0
ttyweb/server/ratelimit.go:48.3,48.17 1 0
ttyweb/server/ratelimit.go:52.63,58.8 5 1
ttyweb/server/ratelimit.go:58.8,61.3 2 1
ttyweb/server/ratelimit.go:63.2,65.16 3 1
ttyweb/server/ratelimit.go:68.42,70.16 2 1
ttyweb/server/ratelimit.go:70.16,72.3 1 1
ttyweb/server/ratelimit.go:73.2,73.13 1 1
ttyweb/server/ratelimit.go:76.83,77.46 1 1
ttyweb/server/ratelimit.go:77.46,78.72 1 1
ttyweb/server/ratelimit.go:78.72,80.57 2 1
ttyweb/server/ratelimit.go:80.57,82.5 1 1
ttyweb/server/ratelimit.go:83.4,83.39 1 1
ttyweb/server/ratelimit.go:83.39,86.5 2 1
ttyweb/server/ratelimit.go:87.4,87.24 1 1
ttyweb/server/run_option.go:17.57,18.35 1 1
ttyweb/server/run_option.go:18.35,20.3 1 1
ttyweb/server/server.go:54.62,56.16 2 1
ttyweb/server/server.go:56.16,57.38 1 0
ttyweb/server/server.go:59.2,59.29 1 1
ttyweb/server/server.go:59.29,62.17 3 1
ttyweb/server/server.go:62.17,64.4 1 1
ttyweb/server/server.go:66.2,69.16 3 1
ttyweb/server/server.go:69.16,71.3 1 1
ttyweb/server/server.go:73.2,74.28 2 1
ttyweb/server/server.go:74.28,76.17 2 1
ttyweb/server/server.go:76.17,78.4 1 1
ttyweb/server/server.go:79.3,79.46 1 1
ttyweb/server/server.go:79.46,81.4 1 1
ttyweb/server/server.go:82.8,84.3 1 1
ttyweb/server/server.go:86.2,87.16 2 1
ttyweb/server/server.go:87.16,89.3 1 1
ttyweb/server/server.go:90.2,113.20 5 1
ttyweb/server/server.go:117.43,119.2 1 1
ttyweb/server/server.go:124.76,127.30 3 1
ttyweb/server/server.go:127.30,129.3 1 1
ttyweb/server/server.go:131.2,136.16 5 1
ttyweb/server/server.go:136.16,138.3 1 0
ttyweb/server/server.go:140.2,144.16 4 1
ttyweb/server/server.go:144.16,146.3 1 0
ttyweb/server/server.go:148.2,152.12 3 1
ttyweb/server/server.go:152.12,153.10 1 1
ttyweb/server/server.go:154.34,155.42 1 1
ttyweb/server/server.go:156.22,156.22 0 1
ttyweb/server/server.go:160.2,160.9 1 1
ttyweb/server/server.go:161.31,162.34 1 1
ttyweb/server/server.go:162.34,164.4 1 1
ttyweb/server/server.go:164.9,166.4 1 0
ttyweb/server/server.go:167.21,169.61 2 1
ttyweb/server/server.go:172.2,173.14 2 1
ttyweb/server/server.go:173.14,175.3 1 0
ttyweb/server/server.go:176.2,178.12 2 1
ttyweb/server/server.go:182.46,184.36 2 1
ttyweb/server/server.go:184.36,186.3 1 1
ttyweb/server/server.go:187.2,187.35 1 1
ttyweb/server/server.go:187.35,189.3 1 1
ttyweb/server/server.go:190.2,190.35 1 1
ttyweb/server/server.go:190.35,192.3 1 1
ttyweb/server/server.go:193.2,193.13 1 1
ttyweb/server/server.go:197.40,198.32 1 1
ttyweb/server/server.go:198.32,200.3 1 1
ttyweb/server/server.go:201.2,201.25 1 1
ttyweb/server/server.go:201.25,203.3 1 1
ttyweb/server/server.go:204.2,204.32 1 1
ttyweb/server/server.go:204.32,206.3 1 1
ttyweb/server/server.go:210.73,212.30 2 1
ttyweb/server/server.go:212.30,214.3 1 1
ttyweb/server/server.go:215.2,217.41 3 1
ttyweb/server/server.go:217.41,218.43 1 1
ttyweb/server/server.go:218.43,220.4 1 1
ttyweb/server/server.go:225.80,227.30 2 1
ttyweb/server/server.go:227.30,233.3 5 0
ttyweb/server/server.go:233.8,235.3 1 1
ttyweb/server/server.go:236.2,236.21 1 1
ttyweb/server/server.go:236.21,238.3 1 1
ttyweb/server/server.go:241.135,246.16 3 1
ttyweb/server/server.go:246.16,248.3 1 0
ttyweb/server/server.go:249.2,272.36 18 1
ttyweb/server/server.go:272.36,275.3 2 1
ttyweb/server/server.go:278.2,283.20 5 1
ttyweb/server/server.go:286.83,292.40 2 1
ttyweb/server/server.go:292.40,294.17 2 1
ttyweb/server/server.go:294.17,296.4 1 1
ttyweb/server/server.go:297.3,297.28 1 1
ttyweb/server/server.go:300.2,300.17 1 1
ttyweb/server/server.go:303.56,306.16 3 1
ttyweb/server/server.go:306.16,308.3 1 1
ttyweb/server/server.go:309.2,310.44 2 1
ttyweb/server/server.go:310.44,312.3 1 1
ttyweb/server/server.go:313.2,317.23 2 1
ttyweb/server/server.go:322.49,324.18 2 1
ttyweb/server/server.go:324.18,326.3 1 1
ttyweb/server/server.go:327.2,328.16 2 1
ttyweb/server/server.go:328.16,330.3 1 1
ttyweb/server/server.go:331.2,331.25 1 1
ttyweb/server/store.go:67.36,84.2 3 1
ttyweb/server/store.go:86.30,96.2 1 1
ttyweb/server/store.go:101.48,107.2 5 1
ttyweb/server/store.go:110.56,117.2 6 1
ttyweb/server/store.go:120.73,123.38 3 1
ttyweb/server/store.go:123.38,124.24 1 1
ttyweb/server/store.go:124.24,128.4 3 1
ttyweb/server/store.go:130.2,130.51 1 1
ttyweb/server/store.go:134.51,137.38 3 1
ttyweb/server/store.go:137.38,138.24 1 1
ttyweb/server/store.go:138.24,141.4 2 1
ttyweb/server/store.go:143.2,143.40 1 1
ttyweb/server/store.go:149.68,152.22 3 1
ttyweb/server/store.go:152.22,156.3 3 1
ttyweb/server/store.go:157.2,158.29 2 1
ttyweb/server/store.go:158.29,159.33 1 1
ttyweb/server/store.go:159.33,161.4 1 1
ttyweb/server/store.go:163.2,163.17 1 1
ttyweb/server/store.go:167.64,174.2 6 1
ttyweb/server/store.go:177.81,180.36 3 1
ttyweb/server/store.go:180.36,181.24 1 1
ttyweb/server/store.go:181.24,185.4 3 1
ttyweb/server/store.go:187.2,187.54 1 1
ttyweb/server/store.go:191.49,194.36 3 1
ttyweb/server/store.go:194.36,195.24 1 1
ttyweb/server/store.go:195.24,198.4 2 1
ttyweb/server/store.go:200.2,200.38 1 1
ttyweb/server/store.go:206.48,212.2 5 1
ttyweb/server/store.go:215.57,221.2 5 1
ttyweb/server/store.go:224.77,227.43 3 1
ttyweb/server/store.go:227.43,229.3 1 1
ttyweb/server/store.go:230.2,232.16 3 1
ttyweb/server/store.go:236.54,239.43 3 1
ttyweb/server/store.go:239.43,241.3 1 1
ttyweb/server/store.go:242.2,244.28 2 1
ttyweb/server/store.go:244.28,246.3 1 1
ttyweb/server/store.go:247.2,247.12 1 1
ttyweb/server/store.go:253.44,259.2 5 1
ttyweb/server/store.go:262.51,269.2 6 1
ttyweb/server/store.go:272.68,275.35 3 1
ttyweb/server/store.go:275.35,276.24 1 1
ttyweb/server/store.go:276.24,280.4 3 1
ttyweb/server/store.go:282.2,282.47 1 1
ttyweb/server/store.go:286.48,289.35 3 1
ttyweb/server/store.go:289.35,290.24 1 1
ttyweb/server/store.go:290.24,293.4 2 1
ttyweb/server/store.go:295.2,295.37 1 1
ttyweb/server/store.go:301.69,305.14 4 1
ttyweb/server/store.go:305.14,307.3 1 1
ttyweb/server/store.go:308.2,308.15 1 1
ttyweb/server/store.go:308.15,310.3 1 1
ttyweb/server/store.go:311.2,312.20 2 1
ttyweb/server/store.go:312.20,314.3 1 1
ttyweb/server/store.go:315.2,316.17 2 1
ttyweb/server/store.go:316.17,318.3 1 1
ttyweb/server/store.go:319.2,321.22 3 1
ttyweb/server/store.go:325.60,330.26 5 1
ttyweb/server/store.go:330.26,332.3 1 1
ttyweb/server/store.go:333.2,334.11 2 1
ttyweb/server/store.go:338.50,341.28 3 1
ttyweb/server/store.go:341.28,342.17 1 1
ttyweb/server/store.go:342.17,347.4 4 1
ttyweb/server/store.go:349.2,349.37 1 1
ttyweb/server/store.go:353.71,357.28 4 1
ttyweb/server/store.go:357.28,358.27 1 1
ttyweb/server/store.go:358.27,360.4 1 1
ttyweb/server/store.go:362.2,362.15 1 1
ttyweb/server/store.go:368.59,372.35 4 1
ttyweb/server/store.go:372.35,374.3 1 1
ttyweb/server/store.go:375.2,375.15 1 1
ttyweb/server/store.go:379.61,383.2 3 1
ttyweb/server/store.go:389.58,393.2 3 1
ttyweb/server/store.go:396.57,399.41 3 1
ttyweb/server/store.go:399.41,401.3 1 1
ttyweb/server/store.go:402.2,402.40 1 1
ttyweb/server/update_checker.go:29.88,35.2 4 1
ttyweb/server/update_checker.go:39.103,42.16 3 1
ttyweb/server/update_checker.go:42.16,44.3 1 0
ttyweb/server/update_checker.go:45.2,48.16 3 1
ttyweb/server/update_checker.go:48.16,50.3 1 1
ttyweb/server/update_checker.go:51.2,53.44 2 1
ttyweb/server/update_checker.go:53.44,61.3 1 1
ttyweb/server/update_checker.go:62.2,62.38 1 1
ttyweb/server/update_checker.go:62.38,65.3 2 1
ttyweb/server/update_checker.go:67.2,68.68 2 1
ttyweb/server/update_checker.go:68.68,70.3 1 1
ttyweb/server/update_checker.go:72.2,81.8 3 1
ttyweb/server/version.go:18.34,21.17 3 1
ttyweb/server/version.go:21.17,23.35 2 1
ttyweb/server/version.go:23.35,24.31 1 1
ttyweb/server/version.go:24.31,25.26 1 0
ttyweb/server/version.go:25.26,27.6 1 0
ttyweb/server/version.go:28.5,28.10 1 0
ttyweb/server/version.go:32.2,32.59 1 1
ttyweb/server/version.go:43.70,45.2 1 1
ttyweb/server/ws_ai_stream.go:42.78,44.16 2 1
ttyweb/server/ws_ai_stream.go:44.16,47.3 2 0
ttyweb/server/ws_ai_stream.go:48.2,48.15 1 1
ttyweb/server/ws_ai_stream.go:48.15,48.35 1 1
ttyweb/server/ws_ai_stream.go:51.2,51.74 1 1
ttyweb/server/ws_ai_stream.go:51.74,54.3 2 0
ttyweb/server/ws_ai_stream.go:56.2,57.16 2 1
ttyweb/server/ws_ai_stream.go:57.16,60.3 2 0
ttyweb/server/ws_ai_stream.go:63.2,70.55 3 1
ttyweb/server/ws_ai_stream.go:70.55,74.3 3 1
ttyweb/server/ws_ai_stream.go:78.2,79.66 2 1
ttyweb/server/ws_ai_stream.go:79.66,83.3 3 1
ttyweb/server/ws_ai_stream.go:85.2,85.22 1 1
ttyweb/server/ws_ai_stream.go:85.22,88.3 2 1
ttyweb/server/ws_ai_stream.go:91.2,92.48 2 1
ttyweb/server/ws_ai_stream.go:92.48,96.3 3 1
ttyweb/server/ws_ai_stream.go:98.2,109.22 4 0
ttyweb/server/ws_ai_stream.go:109.22,111.96 2 0
ttyweb/server/ws_ai_stream.go:111.96,113.5 1 0
ttyweb/server/ws_ai_stream.go:117.2,117.16 1 0
ttyweb/server/ws_ai_stream.go:117.16,121.3 3 0
ttyweb/server/ws_ai_stream.go:123.2,123.96 1 0
ttyweb/server/ws_ai_stream.go:123.96,125.3 1 0
ttyweb/server/ws_ai_stream.go:130.42,132.2 1 1
ttyweb/server/ws_ai_stream.go:135.48,137.9 2 1
ttyweb/server/ws_ai_stream.go:137.9,139.3 1 1
ttyweb/server/ws_ai_stream.go:141.2,141.38 1 1
ttyweb/server/ws_ai_stream.go:141.38,142.22 1 1
ttyweb/server/ws_ai_stream.go:142.22,144.4 1 1
ttyweb/server/ws_ai_stream.go:146.2,146.28 1 0
ttyweb/server/ws_ai_stream.go:150.62,151.86 1 1
ttyweb/server/ws_ai_stream.go:151.86,153.3 1 0
ttyweb/server/ws_ai_stream.go:158.52,159.34 1 1
ttyweb/server/ws_ai_stream.go:159.34,161.3 1 1
ttyweb/server/ws_ai_stream.go:162.2,162.21 1 1
ttyweb/server/ws_speech.go:19.42,21.3 1 1
ttyweb/server/ws_speech.go:54.37,57.9 3 1
ttyweb/server/ws_speech.go:58.16,59.9 1 1
ttyweb/server/ws_speech.go:60.10,60.10 0 1
ttyweb/server/ws_speech.go:62.2,63.25 2 1
ttyweb/server/ws_speech.go:63.25,66.3 2 1
ttyweb/server/ws_speech.go:67.2,67.25 1 1
ttyweb/server/ws_speech.go:67.25,70.3 2 1
ttyweb/server/ws_speech.go:73.47,76.2 2 1
ttyweb/server/ws_speech.go:80.71,83.31 2 1
ttyweb/server/ws_speech.go:83.31,91.3 4 1
ttyweb/server/ws_speech.go:93.2,94.16 2 1
ttyweb/server/ws_speech.go:94.16,97.3 2 0
ttyweb/server/ws_speech.go:98.2,98.15 1 1
ttyweb/server/ws_speech.go:98.15,98.35 1 1
ttyweb/server/ws_speech.go:100.2,108.12 3 1
ttyweb/server/ws_speech.go:112.31,113.6 1 1
ttyweb/server/ws_speech.go:113.6,115.17 2 1
ttyweb/server/ws_speech.go:115.17,119.4 3 1
ttyweb/server/ws_speech.go:121.3,122.51 2 1
ttyweb/server/ws_speech.go:122.51,124.12 2 1
ttyweb/server/ws_speech.go:127.3,127.19 1 1
ttyweb/server/ws_speech.go:128.16,129.19 1 0
ttyweb/server/ws_speech.go:131.16,132.33 1 1
ttyweb/server/ws_speech.go:132.33,134.5 1 0
ttyweb/server/ws_speech.go:136.15,137.18 1 1
ttyweb/server/ws_speech.go:139.11,140.61 1 1
ttyweb/server/ws_speech.go:146.56,147.25 1 1
ttyweb/server/ws_speech.go:147.25,149.3 1 1
ttyweb/server/ws_speech.go:150.2,152.16 3 0
ttyweb/server/ws_speech.go:152.16,157.3 4 0
ttyweb/server/ws_speech.go:158.2,158.80 1 0
ttyweb/server/ws_speech.go:158.80,162.3 3 0
ttyweb/server/ws_speech.go:163.2,163.13 1 0
ttyweb/server/ws_speech.go:167.38,168.25 1 1
ttyweb/server/ws_speech.go:168.25,170.3 1 1
ttyweb/server/ws_speech.go:171.2,173.16 3 0
ttyweb/server/ws_speech.go:173.16,178.3 4 0
ttyweb/server/ws_speech.go:179.2,179.80 1 0
ttyweb/server/ws_speech.go:179.80,181.3 1 0
ttyweb/server/ws_speech.go:184.71,185.16 1 1
ttyweb/server/ws_speech.go:185.16,187.17 2 1
ttyweb/server/ws_speech.go:187.17,189.4 1 0
ttyweb/server/ws_speech.go:190.3,190.20 1 1
ttyweb/server/ws_speech.go:192.2,193.16 2 1
ttyweb/server/ws_speech.go:193.16,195.3 1 0
ttyweb/server/ws_speech.go:196.2,196.19 1 1
ttyweb/server/ws_speech.go:200.39,202.16 2 0
ttyweb/server/ws_speech.go:202.16,207.3 4 0
ttyweb/server/ws_speech.go:209.2,211.16 3 0
ttyweb/server/ws_speech.go:211.16,216.3 4 0
ttyweb/server/ws_speech.go:217.2,217.19 1 0
ttyweb/server/ws_speech.go:217.19,219.3 1 0
ttyweb/server/ws_speech.go:221.2,228.77 6 0
ttyweb/server/ws_speech.go:228.77,232.3 3 0
ttyweb/server/ws_speech.go:234.2,234.34 1 0
ttyweb/server/ws_speech.go:238.69,239.15 1 0
ttyweb/server/ws_speech.go:239.15,239.37 1 0
ttyweb/server/ws_speech.go:241.2,241.6 1 0
ttyweb/server/ws_speech.go:241.6,243.17 2 0
ttyweb/server/ws_speech.go:243.17,244.11 1 0
ttyweb/server/ws_speech.go:245.18,246.11 1 0
ttyweb/server/ws_speech.go:247.12,249.51 2 0
ttyweb/server/ws_speech.go:251.4,251.10 1 0
ttyweb/server/ws_speech.go:254.3,255.17 2 0
ttyweb/server/ws_speech.go:255.17,258.12 3 0
ttyweb/server/ws_speech.go:261.3,261.24 1 0
ttyweb/server/ws_speech.go:261.24,269.46 2 0
ttyweb/server/ws_speech.go:269.46,271.5 1 0
ttyweb/server/ws_speech.go:272.4,272.54 1 0
ttyweb/server/ws_speech.go:272.54,275.5 2 0
ttyweb/server/ws_speech.go:278.3,278.24 1 0
ttyweb/server/ws_speech.go:278.24,280.77 2 0
ttyweb/server/ws_speech.go:280.77,282.5 1 0
ttyweb/server/ws_speech.go:283.4,283.10 1 0
ttyweb/server/ws_wrapper.go:14.58,16.16 2 1
ttyweb/server/ws_wrapper.go:16.16,18.3 1 0
ttyweb/server/ws_wrapper.go:19.2,19.15 1 1
ttyweb/server/ws_wrapper.go:19.15,19.37 1 1
ttyweb/server/ws_wrapper.go:20.2,21.16 2 1
ttyweb/server/ws_wrapper.go:21.16,23.3 1 0
ttyweb/server/ws_wrapper.go:24.2,24.15 1 1
ttyweb/server/ws_wrapper.go:27.57,28.6 1 1
ttyweb/server/ws_wrapper.go:28.6,30.17 2 1
ttyweb/server/ws_wrapper.go:30.17,32.4 1 1
ttyweb/server/ws_wrapper.go:34.3,34.39 1 1
ttyweb/server/ws_wrapper.go:34.39,35.12 1 1
ttyweb/server/ws_wrapper.go:38.3,39.17 2 1
ttyweb/server/ws_wrapper.go:39.17,41.4 1 0
ttyweb/server/ws_wrapper.go:42.3,42.22 1 1
ttyweb/server/ws_wrapper.go:42.22,44.4 1 0
ttyweb/server/ws_wrapper.go:45.3,46.16 2 1
